"../../../../../repo/subway-chaos/SubwayChaos/Content/Maps/Levels/Level5.uasset" 0
"../../../../../repo/subway-chaos/SubwayChaos/Content/Blueprints/GameModes/Mobile/TouchInturface.uasset" 1
"../../../../../repo/subway-chaos/SubwayChaos/Content/Mobile/TouchInturface.uasset" 2
"../../../../../repo/subway-chaos/SubwayChaos/Content/Blueprints/GameModes/S_SubwayChaosSaveGame.uasset" 3
"../../../Engine/Content/EditorBlueprintResources/StandardMacros.uasset" 4
"../../../../../repo/subway-chaos/SubwayChaos/Content/Blueprints/GameModes/GameInstanceAKAVariableStorer.uasset" 5
"../../../../../repo/subway-chaos/SubwayChaos/Content/Blueprints/MacroFunctionLibraries/GetGameDataFromLevelNumber.uasset" 6
"../../../../../repo/subway-chaos/SubwayChaos/Content/Blueprints/MacroFunctionLibraries/GetObjectFacingDir.uasset" 7
"../../../../../repo/subway-chaos/SubwayChaos/Content/MacroLib/M_MoveObjectLerping.uasset" 8
"../../../Engine/Content/BasicShapes/BasicShapeMaterial.uasset" 9
"../../../Engine/Content/Functions/Engine_MaterialFunctions01/Opacity/CameraDepthFade.uasset" 10
"../../../Engine/Content/EngineMaterials/T_Default_Material_Grid_M.uasset" 11
"../../../Engine/Content/EngineMaterials/T_Default_Material_Grid_N.uasset" 12
"../../../Engine/Content/EngineMaterials/WorldGridMaterial.uasset" 13
"../../../Engine/Content/BasicShapes/Cube.uasset" 14
"../../../../../repo/subway-chaos/SubwayChaos/Content/Blueprints/Levels/LevelProprietary/level2/Obstacle.uasset" 15
"../../../../../repo/subway-chaos/SubwayChaos/Content/Texture_Model/Materials/Colors/M_DarkGrey.uasset" 16
"../../../../../repo/subway-chaos/SubwayChaos/Content/Texture_Model/Materials/Colors/M_Grey.uasset" 17
"../../../../../repo/subway-chaos/SubwayChaos/Content/Texture_Model/StarterContent/Materials/M_Basic_Wall.uasset" 18
"../../../../../repo/subway-chaos/SubwayChaos/Content/Texture_Model/StarterContent/Materials/M_Glass.uasset" 19
"../../../../../repo/subway-chaos/SubwayChaos/Content/Texture_Model/StarterContent/Textures/T_MacroVariation.uasset" 20
"../../../../../repo/subway-chaos/SubwayChaos/Content/Texture_Model/StarterContent/Materials/M_Metal_Brushed_Nickel.uasset" 21
"../../../../../repo/subway-chaos/SubwayChaos/Content/Texture_Model/StarterContent/Textures/T_Metal_Aluminum_D.uasset" 22
"../../../../../repo/subway-chaos/SubwayChaos/Content/Texture_Model/StarterContent/Textures/T_Metal_Gold_N.uasset" 23
"../../../../../repo/subway-chaos/SubwayChaos/Content/Texture_Model/StarterContent/Materials/M_Metal_Burnished_Steel.uasset" 24
"../../../../../repo/subway-chaos/SubwayChaos/Content/Texture_Model/StarterContent/Materials/M_Metal_Chrome.uasset" 25
"../../../Engine/Content/MapTemplates/Sky/DaylightAmbientCubemap.uasset" 26
"../../../../../repo/subway-chaos/SubwayChaos/Content/Texture_Model/StarterContent/Blueprints/Assets/M_LightStage_Skybox_Master.uasset" 27
"../../../../../repo/subway-chaos/SubwayChaos/Content/Texture_Model/StarterContent/Blueprints/Assets/M_LightStage_Skybox_Black.uasset" 28
"../../../../../repo/subway-chaos/SubwayChaos/Content/Texture_Model/Meshes/M_Subway.uasset" 29
"../../../../../repo/subway-chaos/SubwayChaos/Content/Texture_Model/Meshes/M_Subway_DM.uasset" 30
"../../../../../repo/subway-chaos/SubwayChaos/Content/Texture_Model/StarterContent/Textures/T_Metal_Steel_D.uasset" 31
"../../../../../repo/subway-chaos/SubwayChaos/Content/Texture_Model/StarterContent/Textures/T_Metal_Steel_N.uasset" 32
"../../../../../repo/subway-chaos/SubwayChaos/Content/Texture_Model/StarterContent/Materials/M_Metal_Steel.uasset" 33
"../../../../../repo/subway-chaos/SubwayChaos/Content/Texture_Model/Materials/Colors/M_DarkBlack.uasset" 34
"../../../../../repo/subway-chaos/SubwayChaos/Content/Texture_Model/Materials/Colors/M_LightStage_Skybox_Black.uasset" 35
"../../../../../repo/subway-chaos/SubwayChaos/Content/Blueprints/Trains/B_DestructableSubway.uasset" 36
"../../../../../repo/subway-chaos/SubwayChaos/Content/SoundFX/soundtracks/LevelMusic.uasset" 37
"../../../../../repo/subway-chaos/SubwayChaos/Content/SoundFX/ui/UI.uasset" 38
"../../../../../repo/subway-chaos/SubwayChaos/Content/SoundFX/GameMaster.uasset" 39
"../../../../../repo/subway-chaos/SubwayChaos/Content/SoundFX/train/SFX.uasset" 40
"../../../../../repo/subway-chaos/SubwayChaos/Content/SoundFX/train/TrainHornMadeMyself.uasset" 41
"../../../Engine/Content/MapTemplates/Sky/M_BlackBackground.uasset" 42
"../../../../../repo/subway-chaos/SubwayChaos/Content/Texture_Model/Materials/Colors/M_Blue.uasset" 43
"../../../../../repo/subway-chaos/SubwayChaos/Content/Texture_Model/Materials/Colors/M_Red.uasset" 44
"../../../../../repo/subway-chaos/SubwayChaos/Content/Texture_Model/Materials/M_LitLess.uasset" 45
"../../../../../repo/subway-chaos/SubwayChaos/Content/Texture_Model/Meshes/B_ScuffedTrakCar_On_HQ.uasset" 46
"../../../../../repo/subway-chaos/SubwayChaos/Content/Texture_Model/Materials/Colors/M_LessDarkGrey.uasset" 47
"../../../../../repo/subway-chaos/SubwayChaos/Content/Texture_Model/Meshes/B_ScuffedTrakCar_On_LQ.uasset" 48
"../../../../../repo/subway-chaos/SubwayChaos/Content/Texture_Model/Materials/Colors/M_Aqua.uasset" 49
"../../../../../repo/subway-chaos/SubwayChaos/Content/Texture_Model/Meshes/M_ScuffedTrak_EngineHQ.uasset" 50
"../../../../../repo/subway-chaos/SubwayChaos/Content/Texture_Model/Meshes/M_ScuffedTrak_EngineLQ.uasset" 51
"../../../../../repo/subway-chaos/SubwayChaos/Content/Blueprints/Trains/B_ScuffedTrak.uasset" 52
"../../../../../repo/subway-chaos/SubwayChaos/Content/Font/Helvetica.uasset" 53
"../../../../../repo/subway-chaos/SubwayChaos/Content/Font/Helvetica_Font.uasset" 54
"../../../../../repo/subway-chaos/SubwayChaos/Content/SoundFX/ui/ButtonClicks.uasset" 55
"../../../../../repo/subway-chaos/SubwayChaos/Content/SoundFX/ui/ButtonHovered.uasset" 56
"../../../../../repo/subway-chaos/SubwayChaos/Content/UI/InGame/images/icons/LocalIcon.uasset" 57
"../../../../../repo/subway-chaos/SubwayChaos/Content/UI/start/images/BackButton_Hovered.uasset" 58
"../../../../../repo/subway-chaos/SubwayChaos/Content/UI/start/images/BackButton_Unhovered.uasset" 59
"../../../../../repo/subway-chaos/SubwayChaos/Content/UI/InGame/SubwayDetails.uasset" 60
"../../../../../repo/subway-chaos/SubwayChaos/Content/Texture_Model/Materials/M_LitUp.uasset" 61
"../../../../../repo/subway-chaos/SubwayChaos/Content/Texture_Model/Materials/M_LitUpHovered.uasset" 62
"../../../../../repo/subway-chaos/SubwayChaos/Content/Texture_Model/Materials/TrainColors/M_OneColorToRuleThemAll.uasset" 63
"../../../Engine/Content/EngineMaterials/DefaultMaterial.uasset" 64
"../../../Engine/Content/BasicShapes/Cylinder.uasset" 65
"../../../../../repo/subway-chaos/SubwayChaos/Content/Texture_Model/Meshes/M_Subway_HQ.uasset" 66
"../../../../../repo/subway-chaos/SubwayChaos/Content/Texture_Model/Meshes/M_Subway_LQ.uasset" 67
"../../../../../repo/subway-chaos/SubwayChaos/Content/Texture_Model/Materials/M_TrainHover.uasset" 68
"../../../../../repo/subway-chaos/SubwayChaos/Content/Texture_Model/Meshes/M_TrainHoverBlock.uasset" 69
"../../../../../repo/subway-chaos/SubwayChaos/Content/Texture_Model/StarterContent/Textures/T_Burst_M.uasset" 70
"../../../../../repo/subway-chaos/SubwayChaos/Content/Texture_Model/StarterContent/Particles/Materials/M_Burst.uasset" 71
"../../../../../repo/subway-chaos/SubwayChaos/Content/Texture_Model/StarterContent/Textures/T_Explosion_SubUV.uasset" 72
"../../../../../repo/subway-chaos/SubwayChaos/Content/Texture_Model/StarterContent/Particles/Materials/M_explosion_subUV.uasset" 73
"../../../../../repo/subway-chaos/SubwayChaos/Content/Texture_Model/StarterContent/Particles/Materials/m_flare_01.uasset" 74
"../../../Engine/Content/Functions/Engine_MaterialFunctions01/Gradient/RadialGradient.uasset" 75
"../../../../../repo/subway-chaos/SubwayChaos/Content/Texture_Model/StarterContent/Particles/Materials/M_radial_ramp.uasset" 76
"../../../../../repo/subway-chaos/SubwayChaos/Content/Texture_Model/StarterContent/Textures/T_Smoke_SubUV.uasset" 77
"../../../../../repo/subway-chaos/SubwayChaos/Content/Texture_Model/StarterContent/Textures/T_Smoke_Tiled_D.uasset" 78
"../../../../../repo/subway-chaos/SubwayChaos/Content/Texture_Model/StarterContent/Particles/Materials/M_smoke_subUV.uasset" 79
"../../../../../repo/subway-chaos/SubwayChaos/Content/Texture_Model/StarterContent/Particles/P_Explosion.uasset" 80
"../../../../../repo/subway-chaos/SubwayChaos/Content/Texture_Model/StarterContent/Textures/T_Fire_SubUV.uasset" 81
"../../../../../repo/subway-chaos/SubwayChaos/Content/Texture_Model/StarterContent/Textures/T_Fire_Tiled_D.uasset" 82
"../../../../../repo/subway-chaos/SubwayChaos/Content/Texture_Model/StarterContent/Particles/Materials/M_Fire_SubUV.uasset" 83
"../../../../../repo/subway-chaos/SubwayChaos/Content/Texture_Model/StarterContent/Textures/T_Water_N.uasset" 84
"../../../../../repo/subway-chaos/SubwayChaos/Content/Texture_Model/StarterContent/Particles/Materials/M_Heat_Distortion.uasset" 85
"../../../../../repo/subway-chaos/SubwayChaos/Content/Texture_Model/StarterContent/Particles/Materials/M_Radial_Gradient.uasset" 86
"../../../../../repo/subway-chaos/SubwayChaos/Content/Texture_Model/StarterContent/Particles/P_Fire.uasset" 87
"../../../../../repo/subway-chaos/SubwayChaos/Content/Texture_Model/StarterContent/Textures/T_Spark_Core.uasset" 88
"../../../../../repo/subway-chaos/SubwayChaos/Content/Texture_Model/StarterContent/Particles/Materials/M_Spark.uasset" 89
"../../../../../repo/subway-chaos/SubwayChaos/Content/Texture_Model/StarterContent/Particles/P_Sparks.uasset" 90
"../../../../../repo/subway-chaos/SubwayChaos/Content/Blueprints/Trains/B_Subwayy.uasset" 91
"../../../../../repo/subway-chaos/SubwayChaos/Content/Blueprints/GameModes/B_Database.uasset" 92
"../../../../../repo/subway-chaos/SubwayChaos/Content/Blueprints/Levels/B_TrainConfirmBox.uasset" 93
"../../../../../repo/subway-chaos/SubwayChaos/Content/SoundFX/soundtracks/OST_Credits.uasset" 94
"../../../../../repo/subway-chaos/SubwayChaos/Content/UI/InGame/images/Buttons/Eye_Hovered.uasset" 95
"../../../../../repo/subway-chaos/SubwayChaos/Content/UI/InGame/images/Buttons/Paused_Hovered.uasset" 96
"../../../../../repo/subway-chaos/SubwayChaos/Content/UI/InGame/images/Buttons/Paused_Unhovered.uasset" 97
"../../../../../repo/subway-chaos/SubwayChaos/Content/UI/InGame/images/Buttons/Stop_Unhovered.uasset" 98
"../../../../../repo/subway-chaos/SubwayChaos/Content/UI/InGame/images/icons/DerailedIcon.uasset" 99
"../../../../../repo/subway-chaos/SubwayChaos/Content/UI/InGame/images/icons/ItchBackground.uasset" 100
"../../../../../repo/subway-chaos/SubwayChaos/Content/UI/InGame/images/icons/StopIcon.uasset" 101
"../../../../../repo/subway-chaos/SubwayChaos/Content/UI/InGame/images/icons/TrainIcon.uasset" 102
"../../../../../repo/subway-chaos/SubwayChaos/Content/UI/InGame/images/metrocards/EmptyMetroCard.uasset" 103
"../../../../../repo/subway-chaos/SubwayChaos/Content/UI/InGame/images/metrocards/EmptySingleRide.uasset" 104
"../../../../../repo/subway-chaos/SubwayChaos/Content/UI/InGame/images/metrocards/MetroCard_Unhovered.uasset" 105
"../../../../../repo/subway-chaos/SubwayChaos/Content/UI/InGame/images/metrocards/SingleRide.uasset" 106
"../../../../../repo/subway-chaos/SubwayChaos/Content/UI/InGame/images/metrocards/SpecialMetroCard.uasset" 107
"../../../../../repo/subway-chaos/SubwayChaos/Content/UI/start/images/MetroSlider_Hovered.uasset" 108
"../../../../../repo/subway-chaos/SubwayChaos/Content/UI/start/images/MetroSlider_Unhovered.uasset" 109
"../../../../../repo/subway-chaos/SubwayChaos/Content/UI/start/images/WhiteBg.uasset" 110
"../../../../../repo/subway-chaos/SubwayChaos/Content/UI/InGame/InGameUI.uasset" 111
"../../../../../repo/subway-chaos/SubwayChaos/Content/UI/InGame/GameMenu.uasset" 112
"../../../../../repo/subway-chaos/SubwayChaos/Content/UI/InGame/InGame.uasset" 113
"../../../../../repo/subway-chaos/SubwayChaos/Content/UI/InGame/UI.uasset" 114
"../../../../../repo/subway-chaos/SubwayChaos/Content/UI/InGame/images/Paused_Unhovered.uasset" 115
"../../../../../repo/subway-chaos/SubwayChaos/Content/UI/InGame/images/PausedUnhovered.uasset" 116
"../../../../../repo/subway-chaos/SubwayChaos/Content/UI/InGame/images/Paused_Hovered.uasset" 117
"../../../../../repo/subway-chaos/SubwayChaos/Content/UI/InGame/images/Buttons/Stop_Hovered.uasset" 118
"../../../../../repo/subway-chaos/SubwayChaos/Content/UI/InGame/images/Stop_Hovered.uasset" 119
"../../../../../repo/subway-chaos/SubwayChaos/Content/UI/InGame/images/Stop_Unhovered.uasset" 120
"../../../../../repo/subway-chaos/SubwayChaos/Content/UI/InGame/images/Buttons/Eye_Unhovered.uasset" 121
"../../../../../repo/subway-chaos/SubwayChaos/Content/UI/InGame/images/icons/ExpressIcon.uasset" 122
"../../../../../repo/subway-chaos/SubwayChaos/Content/UI/InGame/images/icons/VIP.uasset" 123
"../../../../../repo/subway-chaos/SubwayChaos/Content/UI/start/images/Bar_Hovered.uasset" 124
"../../../../../repo/subway-chaos/SubwayChaos/Content/UI/start/images/CGLogoDark.uasset" 125
"../../../../../repo/subway-chaos/SubwayChaos/Content/UI/start/images/dropdown.uasset" 126
"../../../../../repo/subway-chaos/SubwayChaos/Content/UI/start/images/MetroCard_Hovered.uasset" 127
"../../../../../repo/subway-chaos/SubwayChaos/Content/UI/start/images/MetroCard_Unhovered.uasset" 128
"../../../../../repo/subway-chaos/SubwayChaos/Content/UI/start/images/SocialD_Hovered.uasset" 129
"../../../../../repo/subway-chaos/SubwayChaos/Content/UI/start/images/SocialsD_Unhovered.uasset" 130
"../../../../../repo/subway-chaos/SubwayChaos/Content/UI/LevelSelector/Images/StartGameButtonLevel_Hovered.uasset" 131
"../../../../../repo/subway-chaos/SubwayChaos/Content/UI/start/images/StartGameButtonLevel_Hovered.uasset" 132
"../../../../../repo/subway-chaos/SubwayChaos/Content/UI/LevelSelector/Images/StartGameButtonLevel_Unhovered.uasset" 133
"../../../../../repo/subway-chaos/SubwayChaos/Content/UI/start/images/StartGameButtonLevel_Unhovered.uasset" 134
"../../../Engine/Content/Animation/DefaultAnimCurveCompressionSettings.uasset" 135
"../../../Engine/Content/ArtTools/RenderToTexture/Meshes/S_1_Unit_Plane.uasset" 136
"../../../Engine/Content/BasicShapes/Cone.uasset" 137
"../../../Engine/Content/BasicShapes/Plane.uasset" 138
"../../../Engine/Content/EditorLandscapeResources/DataLayer.uasset" 139
"../../../Engine/Content/EditorMaterials/GizmoMaterial.uasset" 140
"../../../Engine/Content/EditorMaterials/MAT_Groups_Toggle.uasset" 141
"../../../Engine/Content/EditorMaterials/MAT_Groups_Visibility.uasset" 142
"../../../Engine/Content/EditorMaterials/PreviewShadowIndicator.uasset" 143
"../../../Engine/Content/EditorMaterials/PreviewShadowIndicatorMaterial.uasset" 144
"../../../Engine/Content/EditorMaterials/MatineeGroups/MAT_ColorTrack.uasset" 145
"../../../Engine/Content/EditorMaterials/MatineeGroups/MAT_Groups_Anim.uasset" 146
"../../../Engine/Content/EditorMaterials/MatineeGroups/MAT_Groups_AudioMaster.uasset" 147
"../../../Engine/Content/EditorMaterials/MatineeGroups/MAT_Groups_Director.uasset" 148
"../../../Engine/Content/EditorMaterials/MatineeGroups/MAT_Groups_Event.uasset" 149
"../../../Engine/Content/EditorMaterials/MatineeGroups/MAT_Groups_Fade.uasset" 150
"../../../Engine/Content/EditorMaterials/MatineeGroups/MAT_Groups_Float.uasset" 151
"../../../Engine/Content/EditorMaterials/MatineeGroups/MAT_Groups_Move.uasset" 152
"../../../Engine/Content/EditorMaterials/MatineeGroups/MAT_Groups_Slomo.uasset" 153
"../../../Engine/Content/EditorMaterials/MatineeGroups/MAT_Groups_Sound.uasset" 154
"../../../Engine/Content/EditorMaterials/MatineeGroups/MAT_Groups_Vector.uasset" 155
"../../../Engine/Content/EditorMaterials/ParticleSystems/PSysThumbnail_NoImage.uasset" 156
"../../../Engine/Content/EditorMaterials/ParticleSystems/PSysThumbnail_OOD.uasset" 157
"../../../Engine/Content/EditorMaterials/Camera/CineMat.uasset" 158
"../../../Engine/Content/EditorMaterials/Camera/MI_CineMat_Rig.uasset" 159
"../../../Engine/Content/EditorMeshes/Camera/SM_CraneRig_Arm.uasset" 160
"../../../Engine/Content/EditorMeshes/Camera/SM_CraneRig_Base.uasset" 161
"../../../Engine/Content/EditorMeshes/Camera/SM_CraneRig_Body.uasset" 162
"../../../Engine/Content/EditorMeshes/Camera/SM_CraneRig_Mount.uasset" 163
"../../../Engine/Content/EditorMeshes/Camera/SM_RailRig_Mount.uasset" 164
"../../../Engine/Content/EditorMeshes/Camera/SM_RailRig_Track.uasset" 165
"../../../Engine/Content/EditorResources/BSPVertex.uasset" 166
"../../../Engine/Content/EditorResources/EmptyActor.uasset" 167
"../../../Engine/Content/EditorResources/S_Actor.uasset" 168
"../../../Engine/Content/EditorResources/S_Note.uasset" 169
"../../../Engine/Content/EditorResources/S_Trigger.uasset" 170
"../../../Engine/Content/EditorResources/LightIcons/S_LightError.uasset" 171
"../../../Engine/Content/EditorResources/SequenceRecorder/Countdown.uasset" 172
"../../../Engine/Content/EditorResources/SequenceRecorder/RecordingIndicator.uasset" 173
"../../../Engine/Content/EditorSounds/Notifications/CompileFailed.uasset" 174
"../../../Engine/Content/EditorSounds/Notifications/CompileFailed_Cue.uasset" 175
"../../../Engine/Content/EditorSounds/Notifications/CompileSuccess.uasset" 176
"../../../Engine/Content/EditorSounds/Notifications/CompileStart_Cue.uasset" 177
"../../../Engine/Content/EditorSounds/Notifications/CompileSuccess_Cue.uasset" 178
"../../../Engine/Content/EngineDamageTypes/DmgTypeBP_Environmental.uasset" 179
"../../../Engine/Content/EngineDebugMaterials/HeatmapGradient.uasset" 180
"../../../Engine/Content/EngineDebugMaterials/BoneWeightMaterial.uasset" 181
"../../../Engine/Content/EngineDebugMaterials/ClothMaterial.uasset" 182
"../../../Engine/Content/EngineDebugMaterials/ClothMaterial_WF.uasset" 183
"../../../Engine/Content/EngineDebugMaterials/DebugEditorMaterial.uasset" 184
"../../../Engine/Content/EngineDebugMaterials/DebugMeshMaterial.uasset" 185
"../../../Engine/Content/EngineDebugMaterials/GeomMaterial.uasset" 186
"../../../Engine/Content/EngineDebugMaterials/M_SimpleTranslucent.uasset" 187
"../../../Engine/Content/EngineFonts/Faces/RobotoBold.uasset" 188
"../../../Engine/Content/EngineFonts/Faces/RobotoBoldItalic.uasset" 189
"../../../Engine/Content/EngineFonts/Faces/RobotoItalic.uasset" 190
"../../../Engine/Content/EngineFonts/Faces/RobotoLight.uasset" 191
"../../../Engine/Content/EngineFonts/Faces/RobotoRegular.uasset" 192
"../../../Engine/Content/EngineFonts/Roboto.uasset" 193
"../../../Engine/Content/EngineFonts/Faces/RobotoTiny.uasset" 194
"../../../Engine/Content/EngineFonts/RobotoTiny.uasset" 195
"../../../Engine/Content/EngineMaterials/BaseFlattenDiffuseMap.uasset" 196
"../../../Engine/Content/EngineMaterials/BaseFlattenEmissiveMap.uasset" 197
"../../../Engine/Content/EngineMaterials/BaseFlattenGrayscaleMap.uasset" 198
"../../../Engine/Content/EngineMaterials/BaseFlattenNormalMap.uasset" 199
"../../../Engine/Content/EngineMaterials/BaseFlattenMaterial.uasset" 200
"../../../Engine/Content/EngineMaterials/DefaultBloomKernel.uasset" 201
"../../../Engine/Content/EngineMaterials/DefaultBokeh.uasset" 202
"../../../Engine/Content/EngineMaterials/DefaultDiffuse.uasset" 203
"../../../Engine/Content/EngineMaterials/DefaultDeferredDecalMaterial.uasset" 204
"../../../Engine/Content/EngineMaterials/DefaultLightFunctionMaterial.uasset" 205
"../../../Engine/Content/Functions/Engine_MaterialFunctions02/Utility/BreakOutFloat2Components.uasset" 206
"../../../Engine/Content/EngineMaterials/DefaultPostProcessMaterial.uasset" 207
"../../../Engine/Content/EngineFonts/RobotoDistanceField.uasset" 208
"../../../Engine/Content/EngineMaterials/DefaultTextMaterialOpaque.uasset" 209
"../../../Engine/Content/EngineMaterials/DefaultWhiteGrid.uasset" 210
"../../../Engine/Content/EngineMaterials/EditorBrushMaterial.uasset" 211
"../../../Engine/Content/EngineMaterials/Good64x64TilingNoiseHighFreq.uasset" 212
"../../../Engine/Content/EngineMaterials/MiniFont.uasset" 213
"../../../Engine/Content/EngineMaterials/InvalidLightmapSettings.uasset" 214
"../../../Engine/Content/EngineMaterials/M_InvalidLightmapSettings.uasset" 215
"../../../Engine/Content/Functions/Engine_MaterialFunctions02/WorldPositionOffset/CameraOffset.uasset" 216
"../../../Engine/Content/EngineMaterials/PhAT_JointLimitMaterial.uasset" 217
"../../../Engine/Content/EngineMaterials/PreintegratedSkinBRDF.uasset" 218
"../../../Engine/Content/EngineMaterials/RemoveSurfaceMaterial.uasset" 219
"../../../Engine/Content/EngineMaterials/WeightMapPlaceholderTexture.uasset" 220
"../../../Engine/Content/EngineResources/WhiteSquareTexture.uasset" 221
"../../../Engine/Content/EngineMaterials/Widget3DPassThrough.uasset" 222
"../../../Engine/Content/EngineMaterials/Widget3DPassThrough_Masked.uasset" 223
"../../../Engine/Content/EngineMaterials/Widget3DPassThrough_Opaque.uasset" 224
"../../../Engine/Content/EngineMaterials/Widget3DPassThrough_Masked_OneSided.uasset" 225
"../../../Engine/Content/EngineMaterials/Widget3DPassThrough_Opaque_OneSided.uasset" 226
"../../../Engine/Content/EngineMaterials/Widget3DPassThrough_Translucent.uasset" 227
"../../../Engine/Content/EngineMaterials/Widget3DPassThrough_Translucent_OneSided.uasset" 228
"../../../Engine/Content/EngineMeshes/Cylinder.uasset" 229
"../../../Engine/Content/EngineMeshes/Sphere.uasset" 230
"../../../Engine/Content/EngineResources/Black.uasset" 231
"../../../Engine/Content/EngineResources/DefaultTexture.uasset" 232
"../../../Engine/Content/EngineResources/DefaultTextureCube.uasset" 233
"../../../Engine/Content/EngineResources/DefaultVolumeTexture2D.uasset" 234
"../../../Engine/Content/EngineResources/DefaultVolumeTexture.uasset" 235
"../../../Engine/Content/EngineResources/GradientTexture0.uasset" 236
"../../../Engine/Content/EngineSounds/Master.uasset" 237
"../../../Engine/Content/Functions/Engine_MaterialFunctions01/Shading/ConvertFromDiffSpec.uasset" 238
"../../../Engine/Content/Functions/Engine_MaterialFunctions01/Shading/PowerToRoughness.uasset" 239
"../../../Engine/Content/Maps/Templates/Thumbnails/Default.uasset" 240
"../../../Engine/Content/Maps/Templates/Thumbnails/VR-Basic.uasset" 241
"../../../Engine/Content/MobileResources/T_MobileControls_texture.uasset" 242
"../../../Engine/Content/MobileResources/T_MobileMenu2.uasset" 243
"../../../Engine/Content/MobileResources/HUD/AnalogHat.uasset" 244
"../../../Engine/Content/MobileResources/HUD/VirtualJoystick_Background.uasset" 245
"../../../Engine/Content/MobileResources/HUD/VirtualJoystick_Thumb.uasset" 246
"../../../Engine/Content/MobileResources/HUD/DefaultVirtualJoysticks.uasset" 247
"../../../Engine/Content/MobileResources/HUD/LeftVirtualJoystickOnly.uasset" 248
"../../../Engine/Content/MobileResources/HUD/MobileHUDButton1_off.uasset" 249
"../../../Engine/Content/MobileResources/HUD/MobileHUDButton1_on.uasset" 250
"../../../Engine/Content/MobileResources/HUD/MobileHUDButton2_off.uasset" 251
"../../../Engine/Content/MobileResources/HUD/MobileHUDButton2_on.uasset" 252
"../../../Engine/Content/MobileResources/HUD/MobileHUDButton3.uasset" 253
"../../../Engine/Content/MobileResources/HUD/MobileHUDButtonFire.uasset" 254
"../../../Engine/Content/MobileResources/HUD/MobileHUDDirectionPad.uasset" 255
"../../../Engine/Content/MobileResources/HUD/MobileHUDDirectionPad2.uasset" 256
"../../../Engine/Content/MobileResources/HUD/MobileHUDDirectionPad3.uasset" 257
"../../../Engine/Content/MobileResources/HUD/MobileHUDDirectionStick.uasset" 258
"../../../Engine/Content/MobileResources/HUD/T_Castle_ThumbstickInner.uasset" 259
"../../../Engine/Content/MobileResources/HUD/T_Castle_ThumbstickOutter.uasset" 260
"../../../Engine/Content/Tutorial/ContentIntroCurve.uasset" 261
"../../../Engine/Content/Tutorial/Basics/LevelEditorAttract.uasset" 262
"../../../Engine/Content/VREditor/LaserPointer/VR_LaserPower_01.uasset" 263
"../../../Engine/Content/VREditor/TransformGizmo/TransformGizmoMaterial.uasset" 264
"../../../Engine/Content/VREditor/TransformGizmo/TranslucentTransformGizmoMaterial.uasset" 265
"../../../Engine/Content/VREditor/TransformGizmo/BoundingBoxCorner.uasset" 266
"../../../Engine/Content/VREditor/TransformGizmo/BoundingBoxEdge.uasset" 267
"../../../Engine/Content/VREditor/TransformGizmo/PlaneTranslationHandle.uasset" 268
"../../../Engine/Content/VREditor/TransformGizmo/Main.uasset" 269
"../../../Engine/Content/VREditor/TransformGizmo/Xray.uasset" 270
"../../../Engine/Content/VREditor/TransformGizmo/SM_Sequencer_Key.uasset" 271
"../../../Engine/Content/VREditor/TransformGizmo/SM_Sequencer_Node.uasset" 272
"../../Plugins/2D/Paper2D/Content/PlaceholderTextures/DummySpriteTexture.uasset" 273
"../../Plugins/2D/Paper2D/Content/DummySprite.uasset" 274
"../../Plugins/2D/Paper2D/Content/DefaultPaperTerrainMaterial.uasset" 275
"../../Plugins/2D/Paper2D/Content/DummySpriteTexture.uasset" 276
"../../Plugins/2D/Paper2D/Content/DefaultSpriteMaterial.uasset" 277
"../../Plugins/2D/Paper2D/Content/MaskedUnlitSpriteMaterial.uasset" 278
"../../Plugins/2D/Paper2D/Content/OpaqueUnlitSpriteMaterial.uasset" 279
"../../Plugins/Runtime/Oculus/OculusVR/Content/OculusMR_RenderTarget.uasset" 280
"../../../Engine/Content/Functions/Engine_MaterialFunctions02/Utility/BreakOutFloat4Components.uasset" 281
"../../../Engine/Content/Functions/Engine_MaterialFunctions02/Utility/MakeFloat2.uasset" 282
"../../../Engine/Content/Functions/Engine_MaterialFunctions02/Utility/MakeFloat3.uasset" 283
"../../Plugins/Runtime/Oculus/OculusVR/Content/Materials/OculusMR_ChromaKey.uasset" 284
"../../Plugins/Runtime/Oculus/OculusVR/Content/Materials/OculusMR_ChromaKey_Lit.uasset" 285
"../../Plugins/Runtime/Oculus/OculusVR/Content/Materials/OculusMR_OpaqueColoredMaterial.uasset" 286
"../../Plugins/Runtime/Oculus/OculusVR/Content/Materials/OculusMR_WhiteMaterial.uasset" 287
"../../Plugins/Runtime/Oculus/OculusVR/Content/Materials/PokeAHoleMaterial.uasset" 288
"../../Plugins/Runtime/Oculus/OculusVR/Content/Textures/GearVRController_AO.uasset" 289
"../../Plugins/Runtime/Oculus/OculusVR/Content/Textures/GearVRController_Color.uasset" 290
"../../Plugins/Runtime/Oculus/OculusVR/Content/Textures/GearVRController_Normal.uasset" 291
"../../Plugins/Runtime/Oculus/OculusVR/Content/Materials/GearVRControllerMaterial.uasset" 292
"../../Plugins/Runtime/Oculus/OculusVR/Content/Meshes/GearVrController.uasset" 293
"../../Plugins/Runtime/Oculus/OculusVR/Content/Textures/touchController_albedo.uasset" 294
"../../Plugins/Runtime/Oculus/OculusVR/Content/Textures/touchController_controlmap.uasset" 295
"../../Plugins/Runtime/Oculus/OculusVR/Content/Materials/touchController_mat.uasset" 296
"../../Plugins/Runtime/Oculus/OculusVR/Content/Meshes/LeftTouchController.uasset" 297
"../../Plugins/Runtime/Oculus/OculusVR/Content/Meshes/RiftHMD.uasset" 298
"../../Plugins/Runtime/Oculus/OculusVR/Content/Meshes/RightTouchController.uasset" 299
"../../../../../repo/subway-chaos/SubwayChaos/Content/Blueprints/Levels/B_TrainSpawner.uasset" 300
"../../../../../repo/subway-chaos/SubwayChaos/Content/Blueprints/MacroFunctionLibraries/PlayCinematics.uasset" 301
"../../../Engine/Content/EngineSky/C_Sky_Cloud_Color.uasset" 302
"../../../Engine/Content/EngineSky/C_Sky_Horizon_Color.uasset" 303
"../../../Engine/Content/EngineSky/C_Sky_Zenith_Color.uasset" 304
"../../../Engine/Content/EngineSky/T_Sky_Blue.uasset" 305
"../../../Engine/Content/EngineSky/T_Sky_Clouds_M.uasset" 306
"../../../Engine/Content/EngineSky/T_Sky_Stars.uasset" 307
"../../../Engine/Content/EngineSky/M_Sky_Panning_Clouds2.uasset" 308
"../../../Engine/Content/EngineSky/SM_SkySphere.uasset" 309
"../../../Engine/Content/EngineSky/BP_Sky_Sphere.uasset" 310
"../../../../../repo/subway-chaos/SubwayChaos/Content/Texture_Model/Meshes/M_3rdRailHQ.uasset" 311
"../../../../../repo/subway-chaos/SubwayChaos/Content/Texture_Model/Meshes/M_3rdRailLQ.uasset" 312
"../../../../../repo/subway-chaos/SubwayChaos/Content/Texture_Model/StarterContent/Textures/T_Wood_Walnut_D.uasset" 313
"../../../../../repo/subway-chaos/SubwayChaos/Content/Texture_Model/StarterContent/Textures/T_Wood_Walnut_N.uasset" 314
"../../../../../repo/subway-chaos/SubwayChaos/Content/Texture_Model/StarterContent/Materials/M_Wood_Walnut.uasset" 315
"../../../../../repo/subway-chaos/SubwayChaos/Content/Texture_Model/Meshes/M_RailHQ.uasset" 316
"../../../../../repo/subway-chaos/SubwayChaos/Content/Texture_Model/Materials/Colors/M_Brown.uasset" 317
"../../../../../repo/subway-chaos/SubwayChaos/Content/Texture_Model/Meshes/M_RailLQ.uasset" 318
"../../../../../repo/subway-chaos/SubwayChaos/Content/Blueprints/B_GameTracks.uasset" 319
"../../../../../repo/subway-chaos/SubwayChaos/Content/Blueprints/GameModes/PlayersController.uasset" 320
"../../../../../repo/subway-chaos/SubwayChaos/Content/Blueprints/GameModes/G_TrainGameMode.uasset" 321
"../../../../../repo/subway-chaos/SubwayChaos/Content/Texture_Model/Materials/M_RedExit.uasset" 322
"../../../../../repo/subway-chaos/SubwayChaos/Content/Texture_Model/Materials/M_WhiteExit.uasset" 323
"../../../../../repo/subway-chaos/SubwayChaos/Content/Blueprints/Levels/B_NonDraggableArea.uasset" 324
"../../../../../repo/subway-chaos/SubwayChaos/Content/Blueprints/Levels/LevelProprietary/Level1/B_Database_Level1.uasset" 325
"../../../../../repo/subway-chaos/SubwayChaos/Content/Cinematics/Level1/Level1Intro_1.uasset" 326
"../../../../../repo/subway-chaos/SubwayChaos/Content/Cinematics/Level1/Level1Intro_2.uasset" 327
"../../../../../repo/subway-chaos/SubwayChaos/Content/Cinematics/Level1/Level1IntroMaster.uasset" 328
"../../../../../repo/subway-chaos/SubwayChaos/Content/Maps/Levels/Level1_BuiltData.uasset" 329
"../../../Engine/Content/EditorMeshes/ColorCalibrator/M_GreyBall.uasset" 330
"../../../../../repo/subway-chaos/SubwayChaos/Content/Blueprints/Levels/AboveGround/B_Apartment.uasset" 331
"../../../../../repo/subway-chaos/SubwayChaos/Content/Texture_Model/Materials/M_Metal_Green_Steel.uasset" 332
"../../../../../repo/subway-chaos/SubwayChaos/Content/Blueprints/Levels/AboveGround/B_Bridge_Beam.uasset" 333
"../../../../../repo/subway-chaos/SubwayChaos/Content/Blueprints/Levels/AboveGround/B_Fence.uasset" 334
"../../../../../repo/subway-chaos/SubwayChaos/Content/Blueprints/Levels/AboveGround/B_Highrise.uasset" 335
"../../../../../repo/subway-chaos/SubwayChaos/Content/Texture_Model/StarterContent/Textures/T_Concrete_Panels_D.uasset" 336
"../../../../../repo/subway-chaos/SubwayChaos/Content/Texture_Model/StarterContent/Textures/T_Concrete_Panels_N.uasset" 337
"../../../../../repo/subway-chaos/SubwayChaos/Content/Texture_Model/StarterContent/Textures/T_Perlin_Noise_M.uasset" 338
"../../../../../repo/subway-chaos/SubwayChaos/Content/Texture_Model/StarterContent/Materials/M_Concrete_Panels.uasset" 339
"../../../../../repo/subway-chaos/SubwayChaos/Content/Texture_Model/StarterContent/Textures/T_Concrete_Tiles_D.uasset" 340
"../../../../../repo/subway-chaos/SubwayChaos/Content/Texture_Model/StarterContent/Textures/T_Concrete_Tiles_M.uasset" 341
"../../../../../repo/subway-chaos/SubwayChaos/Content/Texture_Model/StarterContent/Textures/T_Concrete_Tiles_N.uasset" 342
"../../../../../repo/subway-chaos/SubwayChaos/Content/Texture_Model/StarterContent/Textures/T_Concrete_Tiles_Variation_M.uasset" 343
"../../../../../repo/subway-chaos/SubwayChaos/Content/Texture_Model/StarterContent/Materials/M_Concrete_Tiles.uasset" 344
"../../../../../repo/subway-chaos/SubwayChaos/Content/Blueprints/Levels/AboveGround/floor_StaticMesh.uasset" 345
"../../../../../repo/subway-chaos/SubwayChaos/Content/Texture_Model/Materials/Colors/M_Yellow.uasset" 346
"../../../../../repo/subway-chaos/SubwayChaos/Content/Blueprints/Levels/LevelProprietary/Level1/floorLevel1.uasset" 347
"../../../../../repo/subway-chaos/SubwayChaos/Content/SoundFX/soundtracks/Levels/OST_Level69.uasset" 348
"../../../../../repo/subway-chaos/SubwayChaos/Content/Maps/Levels/Level1.umap" 349
"../../../Engine/Content/BasicShapes/Sphere.uasset" 350
"../../../../../repo/subway-chaos/SubwayChaos/Content/Blueprints/Levels/LevelProprietary/level2/B_BoneB.uasset" 351
"../../../../../repo/subway-chaos/SubwayChaos/Content/Blueprints/Levels/LevelProprietary/level2/B_Database_Level2.uasset" 352
"../../../../../repo/subway-chaos/SubwayChaos/Content/Cinematics/Level2/Level2Intro1.uasset" 353
"../../../../../repo/subway-chaos/SubwayChaos/Content/Cinematics/Level2/Level2IntroMaster.uasset" 354
"../../../../../repo/subway-chaos/SubwayChaos/Content/Maps/Levels/Level2_BuiltData.uasset" 355
"../../../../../repo/subway-chaos/SubwayChaos/Content/Texture_Model/Materials/Colors/M_Orange.uasset" 356
"../../../../../repo/subway-chaos/SubwayChaos/Content/Texture_Model/Meshes/M_DznrCone.uasset" 357
"../../../../../repo/subway-chaos/SubwayChaos/Content/Texture_Model/Meshes/M_TrainStop.uasset" 358
"../../../../../repo/subway-chaos/SubwayChaos/Content/Texture_Model/Meshes/M_UNDZNRCone.uasset" 359
"../../../../../repo/subway-chaos/SubwayChaos/Content/Maps/Levels/Level2.umap" 360
"../../../../../repo/subway-chaos/SubwayChaos/Content/Blueprints/Levels/LevelProprietary/Level3/B_Database_Level3.uasset" 361
"../../../../../repo/subway-chaos/SubwayChaos/Content/Cinematics/Level3/Level3Intro1.uasset" 362
"../../../../../repo/subway-chaos/SubwayChaos/Content/Cinematics/Level3/Level3IntroMaster.uasset" 363
"../../../../../repo/subway-chaos/SubwayChaos/Content/Maps/Levels/Level3_BuiltData.uasset" 364
"../../../../../repo/subway-chaos/SubwayChaos/Content/Maps/Levels/Level3.umap" 365
"../../../../../repo/subway-chaos/SubwayChaos/Content/Blueprints/Levels/B_SpawnTrak.uasset" 366
"../../../../../repo/subway-chaos/SubwayChaos/Content/Blueprints/Levels/B_KillScuffTrak.uasset" 367
"../../../../../repo/subway-chaos/SubwayChaos/Content/Blueprints/Levels/LevelProprietary/level4/B_Database_Level4.uasset" 368
"../../../../../repo/subway-chaos/SubwayChaos/Content/Blueprints/Station/B_Track_DependentOnQuality.uasset" 369
"../../../../../repo/subway-chaos/SubwayChaos/Content/Cinematics/Level4/Level4Master.uasset" 370
"../../../../../repo/subway-chaos/SubwayChaos/Content/Maps/Levels/Level4_BuiltData.uasset" 371
"../../../../../repo/subway-chaos/SubwayChaos/Content/Maps/Levels/Level4.umap" 372
"../../../../../repo/subway-chaos/SubwayChaos/Content/Blueprints/Levels/B_3rdRail.uasset" 373
"../../../../../repo/subway-chaos/SubwayChaos/Content/Blueprints/Levels/B_GuideRail.uasset" 374
"../../../../../repo/subway-chaos/SubwayChaos/Content/Blueprints/Levels/B_Track.uasset" 375
"../../../../../repo/subway-chaos/SubwayChaos/Content/Blueprints/Levels/LevelProprietary/level7/B_Database_Level7.uasset" 376
"../../../../../repo/subway-chaos/SubwayChaos/Content/Texture_Model/Materials/M_WornSteel.uasset" 377
"../../../../../repo/subway-chaos/SubwayChaos/Content/Texture_Model/Meshes/M_BridgeSideBeam.uasset" 378
"../../../../../repo/subway-chaos/SubwayChaos/Content/Texture_Model/Meshes/M_IronBeam.uasset" 379
"../../../../../repo/subway-chaos/SubwayChaos/Content/Blueprints/Levels/LevelProprietary/level7/B_Quad.uasset" 380
"../../../../../repo/subway-chaos/SubwayChaos/Content/Blueprints/Levels/LevelProprietary/level7/B_TrioBeams.uasset" 381
"../../../../../repo/subway-chaos/SubwayChaos/Content/Maps/Levels/Level7_BuiltData.uasset" 382
"../../../../../repo/subway-chaos/SubwayChaos/Content/Texture_Model/Meshes/M_Concrete_Barriers.uasset" 383
"../../../../../repo/subway-chaos/SubwayChaos/Content/Maps/Levels/Level7.umap" 384
"../../../../../repo/subway-chaos/SubwayChaos/Content/Texture_Model/StarterContent/Materials/M_AssetPlatform.uasset" 385
"../../../../../repo/subway-chaos/SubwayChaos/Content/Texture_Model/StarterContent/Materials/M_Basic_Floor.uasset" 386
"../../../../../repo/subway-chaos/SubwayChaos/Content/Blueprints/Levels/B_Switch.uasset" 387
"../../../../../repo/subway-chaos/SubwayChaos/Content/Blueprints/Levels/B_Text.uasset" 388
"../../../../../repo/subway-chaos/SubwayChaos/Content/Blueprints/Levels/LevelProprietary/tutorial/B_DatabaseTutorial.uasset" 389
"../../../../../repo/subway-chaos/SubwayChaos/Content/Blueprints/Levels/LevelProprietary/tutorial/B_HoldDragTrain.uasset" 390
"../../../../../repo/subway-chaos/SubwayChaos/Content/Blueprints/Levels/LevelProprietary/tutorial/B_Text_Crashed.uasset" 391
"../../../../../repo/subway-chaos/SubwayChaos/Content/Texture_Model/Materials/Images/M_Cowface.uasset" 392
"../../../../../repo/subway-chaos/SubwayChaos/Content/Texture_Model/Materials/Images/extra_Mat.uasset" 393
"../../../../../repo/subway-chaos/SubwayChaos/Content/Texture_Model/Meshes/BP_PayMax002percentRoyaltyForThisImage.uasset" 394
"../../../../../repo/subway-chaos/SubwayChaos/Content/Maps/Levels/tutorial_BuiltData.uasset" 395
"../../../Engine/Content/Functions/Engine_MaterialFunctions02/Utility/BlendAngleCorrectedNormals.uasset" 396
"../../../../../repo/subway-chaos/SubwayChaos/Content/Texture_Model/StarterContent/Textures/T_Water_M.uasset" 397
"../../../../../repo/subway-chaos/SubwayChaos/Content/Texture_Model/StarterContent/Materials/M_Water_Ocean.uasset" 398
"../../../Engine/Content/EngineMaterials/DefaultPhysicalMaterial.uasset" 399
"../../../../../repo/subway-chaos/SubwayChaos/Content/Texture_Model/Meshes/B_ScuffedTrakCar.uasset" 400
"../../../../../repo/subway-chaos/SubwayChaos/Content/Texture_Model/StarterContent/Textures/T_Wood_Oak_D.uasset" 401
"../../../../../repo/subway-chaos/SubwayChaos/Content/Texture_Model/StarterContent/Textures/T_Wood_Oak_N.uasset" 402
"../../../../../repo/subway-chaos/SubwayChaos/Content/Texture_Model/StarterContent/Materials/M_Wood_Oak.uasset" 403
"../../../../../repo/subway-chaos/SubwayChaos/Content/Texture_Model/Meshes/M_Rack.uasset" 404
"../../../../../repo/subway-chaos/SubwayChaos/Content/Texture_Model/Meshes/M_TicketMachine.uasset" 405
"../../../../../repo/subway-chaos/SubwayChaos/Content/Texture_Model/Meshes/M_YardFence.uasset" 406
"../../../../../repo/subway-chaos/SubwayChaos/Content/UI/Tutorial/tutorial.uasset" 407
"../../../../../repo/subway-chaos/SubwayChaos/Content/Maps/Levels/tutorial.umap" 408
"../../../../../repo/subway-chaos/SubwayChaos/Content/Texture_Model/Meshes/MapStop.uasset" 409
"../../../../../repo/subway-chaos/SubwayChaos/Content/UI/LevelSelector/Images/TutorialThing.uasset" 410
"../../../../../repo/subway-chaos/SubwayChaos/Content/UI/start/images/Lock_Hovered.uasset" 411
"../../../../../repo/subway-chaos/SubwayChaos/Content/UI/start/images/Lock_Unhovered.uasset" 412
"../../../../../repo/subway-chaos/SubwayChaos/Content/UI/LevelSelector/Selections.uasset" 413
"../../../../../repo/subway-chaos/SubwayChaos/Content/Blueprints/Levels/LevelProprietary/Selector/B_MapStop.uasset" 414
"../../../../../repo/subway-chaos/SubwayChaos/Content/Maps/NonLevels/LevelSelector_BuiltData.uasset" 415
"../../../../../repo/subway-chaos/SubwayChaos/Content/Texture_Model/Materials/Images/ColorBackdropMapSelection.uasset" 416
"../../../../../repo/subway-chaos/SubwayChaos/Content/Texture_Model/Materials/Images/ColorBackdropMapSelection_Mat1.uasset" 417
"../../../../../repo/subway-chaos/SubwayChaos/Content/SoundFX/soundtracks/Levels/Ele_LevelSelector.uasset" 418
"../../../../../repo/subway-chaos/SubwayChaos/Content/Texture_Model/Meshes/justbackground.uasset" 419
"../../../../../repo/subway-chaos/SubwayChaos/Content/Texture_Model/Materials/Images/SubwayMapSelection.uasset" 420
"../../../../../repo/subway-chaos/SubwayChaos/Content/Texture_Model/Materials/Images/SubwayMapSelection_Mat.uasset" 421
"../../../../../repo/subway-chaos/SubwayChaos/Content/Texture_Model/Meshes/M_MapSelectionBackground.uasset" 422
"../../../../../repo/subway-chaos/SubwayChaos/Content/UI/start/images/dropdownarrow.uasset" 423
"../../../../../repo/subway-chaos/SubwayChaos/Content/UI/LevelSelector/Shop.uasset" 424
"../../../../../repo/subway-chaos/SubwayChaos/Content/UI/LevelSelector/BottomWidget.uasset" 425
"../../../../../repo/subway-chaos/SubwayChaos/Content/Maps/NonLevels/LevelSelector.umap" 426
"../../../../../repo/subway-chaos/SubwayChaos/Content/SoundFX/sodamnextra/MOO.uasset" 427
"../../../../../repo/subway-chaos/SubwayChaos/Content/Blueprints/Station/B_CowExtra.uasset" 428
"../../../../../repo/subway-chaos/SubwayChaos/Content/Blueprints/Station/B_TicketMachine.uasset" 429
"../../../../../repo/subway-chaos/SubwayChaos/Content/Blueprints/Station/B_WallPoster.uasset" 430
"../../../../../repo/subway-chaos/SubwayChaos/Content/Maps/NonLevels/MenuScreen_BuiltData.uasset" 431
"../../../../../repo/subway-chaos/SubwayChaos/Content/UI/start/images/CGLightLogo.uasset" 432
"../../../../../repo/subway-chaos/SubwayChaos/Content/Texture_Model/Materials/CGLightLogoMaterial.uasset" 433
"../../../../../repo/subway-chaos/SubwayChaos/Content/Texture_Model/Materials/Images/MaxDrawingFor002PercentRoyltyPerDollar.uasset" 434
"../../../../../repo/subway-chaos/SubwayChaos/Content/Texture_Model/Materials/Images/MaxDrawingFor002PercentRoyltyPerDollar_Mat.uasset" 435
"../../../../../repo/subway-chaos/SubwayChaos/Content/Texture_Model/Materials/Images/M_SubwayMap.uasset" 436
"../../../../../repo/subway-chaos/SubwayChaos/Content/Texture_Model/Materials/Images/SubwayMap_Mat.uasset" 437
"../../../../../repo/subway-chaos/SubwayChaos/Content/Texture_Model/StarterContent/Textures/T_Wood_Floor_Walnut_D.uasset" 438
"../../../../../repo/subway-chaos/SubwayChaos/Content/Texture_Model/StarterContent/Textures/T_Wood_Floor_Walnut_M.uasset" 439
"../../../../../repo/subway-chaos/SubwayChaos/Content/Texture_Model/StarterContent/Textures/T_Wood_Floor_Walnut_N.uasset" 440
"../../../../../repo/subway-chaos/SubwayChaos/Content/Texture_Model/StarterContent/Materials/M_Wood_Floor_Walnut_Polished.uasset" 441
"../../../../../repo/subway-chaos/SubwayChaos/Content/SoundFX/soundtracks/Levels/OST_MainMenu.uasset" 442
"../../../../../repo/subway-chaos/SubwayChaos/Content/SoundFX/train/TrainAccelerate.uasset" 443
"../../../../../repo/subway-chaos/SubwayChaos/Content/SoundFX/train/TrainBreakSound.uasset" 444
"../../../../../repo/subway-chaos/SubwayChaos/Content/SoundFX/train/TrainDoorbell.uasset" 445
"../../../Engine/Content/EngineMaterials/NewBaseFlattenMaterial.uasset" 446
"../../../../../repo/subway-chaos/SubwayChaos/Content/Texture_Model/Materials/T_M_M_Rail_M_Metal_Chrome_23A6B2A54F259673F93958A6949D4186_BaseColor.uasset" 447
"../../../../../repo/subway-chaos/SubwayChaos/Content/Texture_Model/Materials/M_M_M_Rail_M_Metal_Chrome_23A6B2A54F259673F93958A6949D4186.uasset" 448
"../../../../../repo/subway-chaos/SubwayChaos/Content/Texture_Model/Materials/T_M_M_Rail_M_Wood_Walnut_23A6B2A54F259673F93958A6949D4186_BaseColor.uasset" 449
"../../../../../repo/subway-chaos/SubwayChaos/Content/Texture_Model/Materials/M_M_M_Rail_M_Wood_Walnut_23A6B2A54F259673F93958A6949D4186.uasset" 450
"../../../../../repo/subway-chaos/SubwayChaos/Content/Texture_Model/Meshes/M_Rail.uasset" 451
"../../../../../repo/subway-chaos/SubwayChaos/Content/Texture_Model/StarterContent/Materials/M_Brick_Clay_Beveled.uasset" 452
"../../../../../repo/subway-chaos/SubwayChaos/Content/Texture_Model/Meshes/Staircase.uasset" 453
"../../../../../repo/subway-chaos/SubwayChaos/Content/Texture_Model/Materials/M_BlueMenu.uasset" 454
"../../../../../repo/subway-chaos/SubwayChaos/Content/SoundFX/SoundMix.uasset" 455
"../../../../../repo/subway-chaos/SubwayChaos/Content/UI/start/images/badge.uasset" 456
"../../../../../repo/subway-chaos/SubwayChaos/Content/UI/start/images/badge-color.uasset" 457
"../../../../../repo/subway-chaos/SubwayChaos/Content/UI/start/images/Bar_Unhovered.uasset" 458
"../../../../../repo/subway-chaos/SubwayChaos/Content/UI/start/images/ExitButton_Hovered.uasset" 459
"../../../../../repo/subway-chaos/SubwayChaos/Content/UI/start/images/PressedInTGA.uasset" 460
"../../../../../repo/subway-chaos/SubwayChaos/Content/UI/start/images/SocialsGH_Hovered.uasset" 461
"../../../../../repo/subway-chaos/SubwayChaos/Content/UI/start/images/SocialsGH_Unhovered.uasset" 462
"../../../../../repo/subway-chaos/SubwayChaos/Content/UI/start/images/SocialsYT_Hovered.uasset" 463
"../../../../../repo/subway-chaos/SubwayChaos/Content/UI/start/images/SocialYT_Unhovered.uasset" 464
"../../../../../repo/subway-chaos/SubwayChaos/Content/UI/start/images/SubwayBoomBoomSplash.uasset" 465
"../../../../../repo/subway-chaos/SubwayChaos/Content/UI/start/Start.uasset" 466
"../../../../../repo/subway-chaos/SubwayChaos/Content/Maps/NonLevels/MenuScreen.umap" 467
"../../../../../repo/subway-chaos/SubwayChaos/Content/UI/start/Splash.uasset" 468
"../../../../../repo/subway-chaos/SubwayChaos/Content/Maps/NonLevels/SplashScreen.umap" 469
"../../../Engine/Content/Maps/Entry_BuiltData.uasset" 470
"../../../Engine/Content/Maps/Entry.umap" 471
