"/Users/mootbing/Documents/subway-chaos/SubwayChaos/Content/UI/Tutorial/tutorial.uasset" 0
"/Users/mootbing/Documents/subway-chaos/SubwayChaos/Content/UI/Tutorial/tutorial.uexp" 1
"/Users/mootbing/Documents/subway-chaos/SubwayChaos/Content/UI/start/images/SocialsD_Unhovered.uasset" 2
"/Users/mootbing/Documents/subway-chaos/SubwayChaos/Content/UI/start/images/SocialsD_Unhovered.uexp" 3
"/Users/mootbing/Documents/subway-chaos/SubwayChaos/Content/UI/start/images/SocialD_Hovered.uasset" 4
"/Users/mootbing/Documents/subway-chaos/SubwayChaos/Content/UI/start/images/SocialD_Hovered.uexp" 5
"/Users/mootbing/Documents/subway-chaos/SubwayChaos/Content/UI/start/images/CGLogoDark.uasset" 6
"/Users/mootbing/Documents/subway-chaos/SubwayChaos/Content/UI/start/images/CGLogoDark.uexp" 7
"/Users/mootbing/Documents/subway-chaos/SubwayChaos/Content/UI/InGame/images/Buttons/Eye_Unhovered.uasset" 8
"/Users/mootbing/Documents/subway-chaos/SubwayChaos/Content/UI/InGame/images/Buttons/Eye_Unhovered.uexp" 9
"/Users/mootbing/Documents/subway-chaos/SubwayChaos/Content/UI/InGame/images/Buttons/Stop_Hovered.uasset" 10
"/Users/mootbing/Documents/subway-chaos/SubwayChaos/Content/UI/InGame/images/Buttons/Stop_Hovered.uexp" 11
"/Users/mootbing/Documents/subway-chaos/SubwayChaos/Content/UI/InGame/images/icons/VIP.uasset" 12
"/Users/mootbing/Documents/subway-chaos/SubwayChaos/Content/UI/InGame/images/icons/VIP.uexp" 13
"../../../Engine/Content/Maps/Templates/Thumbnails/Default.uasset" 14
"../../../Engine/Content/Maps/Templates/Thumbnails/Default.uexp" 15
"../../../Engine/Content/Maps/Templates/Thumbnails/VR-Basic.uasset" 16
"../../../Engine/Content/Maps/Templates/Thumbnails/VR-Basic.uexp" 17
"../../../Engine/Content/MobileResources/T_MobileControls_texture.uasset" 18
"../../../Engine/Content/MobileResources/T_MobileControls_texture.uexp" 19
"../../../Engine/Content/MobileResources/T_MobileMenu2.uasset" 20
"../../../Engine/Content/MobileResources/T_MobileMenu2.uexp" 21
"../../../Engine/Content/MobileResources/HUD/MobileHUDDirectionPad3.uasset" 22
"../../../Engine/Content/MobileResources/HUD/MobileHUDDirectionPad3.uexp" 23
"../../../Engine/Content/MobileResources/HUD/MobileHUDButton2_off.uasset" 24
"../../../Engine/Content/MobileResources/HUD/MobileHUDButton2_off.uexp" 25
"../../../Engine/Content/MobileResources/HUD/MobileHUDButton3.uasset" 26
"../../../Engine/Content/MobileResources/HUD/MobileHUDButton3.uexp" 27
"../../../Engine/Content/MobileResources/HUD/T_Castle_ThumbstickInner.uasset" 28
"../../../Engine/Content/MobileResources/HUD/T_Castle_ThumbstickInner.uexp" 29
"../../../Engine/Content/MobileResources/HUD/MobileHUDDirectionStick.uasset" 30
"../../../Engine/Content/MobileResources/HUD/MobileHUDDirectionStick.uexp" 31
"../../../Engine/Content/MobileResources/HUD/VirtualJoystick_Background.uasset" 32
"../../../Engine/Content/MobileResources/HUD/VirtualJoystick_Background.uexp" 33
"../../../Engine/Content/MobileResources/HUD/VirtualJoystick_Thumb.uasset" 34
"../../../Engine/Content/MobileResources/HUD/VirtualJoystick_Thumb.uexp" 35
"../../../Engine/Content/MobileResources/HUD/DefaultVirtualJoysticks.uasset" 36
"../../../Engine/Content/MobileResources/HUD/DefaultVirtualJoysticks.uexp" 37
"../../../Engine/Content/MobileResources/HUD/T_Castle_ThumbstickOutter.uasset" 38
"../../../Engine/Content/MobileResources/HUD/T_Castle_ThumbstickOutter.uexp" 39
"../../../Engine/Content/MobileResources/HUD/MobileHUDButton2_on.uasset" 40
"../../../Engine/Content/MobileResources/HUD/MobileHUDButton2_on.uexp" 41
"../../../Engine/Content/MobileResources/HUD/MobileHUDDirectionPad2.uasset" 42
"../../../Engine/Content/MobileResources/HUD/MobileHUDDirectionPad2.uexp" 43
"../../../Engine/Content/MobileResources/HUD/MobileHUDDirectionPad.uasset" 44
"../../../Engine/Content/MobileResources/HUD/MobileHUDDirectionPad.uexp" 45
"../../../Engine/Content/MobileResources/HUD/AnalogHat.uasset" 46
"../../../Engine/Content/MobileResources/HUD/AnalogHat.uexp" 47
"../../../Engine/Content/MobileResources/HUD/MobileHUDButton1_on.uasset" 48
"../../../Engine/Content/MobileResources/HUD/MobileHUDButton1_on.uexp" 49
"../../../Engine/Content/MobileResources/HUD/MobileHUDButtonFire.uasset" 50
"../../../Engine/Content/MobileResources/HUD/MobileHUDButtonFire.uexp" 51
"../../../Engine/Content/MobileResources/HUD/LeftVirtualJoystickOnly.uasset" 52
"../../../Engine/Content/MobileResources/HUD/LeftVirtualJoystickOnly.uexp" 53
"../../../Engine/Content/MobileResources/HUD/MobileHUDButton1_off.uasset" 54
"../../../Engine/Content/MobileResources/HUD/MobileHUDButton1_off.uexp" 55
"../../../Engine/Content/Tutorial/ContentIntroCurve.uasset" 56
"../../../Engine/Content/Tutorial/ContentIntroCurve.uexp" 57
"../../../Engine/Content/Tutorial/Basics/TutorialAssets/icon_tab_Levels_40x.uasset" 58
"../../../Engine/Content/Tutorial/Basics/TutorialAssets/icon_tab_Levels_40x.uexp" 59
"../../../Engine/Content/EngineResources/DefaultTextureCube.uasset" 60
"../../../Engine/Content/EngineResources/DefaultTextureCube.uexp" 61
"../../../Engine/Content/EngineResources/DefaultTexture.uasset" 62
"../../../Engine/Content/EngineResources/DefaultTexture.uexp" 63
"../../../Engine/Content/EngineResources/DefaultTexture.ubulk" 64
"../../../Engine/Content/EngineResources/Black.uasset" 65
"../../../Engine/Content/EngineResources/Black.uexp" 66
"../../../Engine/Content/EngineResources/DefaultVolumeTexture2D.uasset" 67
"../../../Engine/Content/EngineResources/DefaultVolumeTexture2D.uexp" 68
"../../../Engine/Content/EngineResources/DefaultVolumeTexture.uasset" 69
"../../../Engine/Content/EngineResources/DefaultVolumeTexture.uexp" 70
"../../../Engine/Content/EngineResources/GradientTexture0.uasset" 71
"../../../Engine/Content/EngineResources/GradientTexture0.uexp" 72
"../../../Engine/Content/EngineFonts/Faces/RobotoRegular.uasset" 73
"../../../Engine/Content/EngineFonts/Faces/RobotoRegular.uexp" 74
"../../../Engine/Content/EngineFonts/Faces/RobotoRegular.ufont" 75
"../../../Engine/Content/EngineFonts/Faces/RobotoLight.uasset" 76
"../../../Engine/Content/EngineFonts/Faces/RobotoLight.uexp" 77
"../../../Engine/Content/EngineFonts/Faces/RobotoLight.ufont" 78
"../../../Engine/Content/EngineFonts/Faces/RobotoItalic.uasset" 79
"../../../Engine/Content/EngineFonts/Faces/RobotoItalic.uexp" 80
"../../../Engine/Content/EngineFonts/Faces/RobotoItalic.ufont" 81
"../../../Engine/Content/EngineFonts/Faces/RobotoBoldItalic.uasset" 82
"../../../Engine/Content/EngineFonts/Faces/RobotoBoldItalic.uexp" 83
"../../../Engine/Content/EngineFonts/Faces/RobotoBoldItalic.ufont" 84
"../../../Engine/Content/EngineFonts/Faces/RobotoBold.uasset" 85
"../../../Engine/Content/EngineFonts/Faces/RobotoBold.uexp" 86
"../../../Engine/Content/EngineFonts/Faces/RobotoBold.ufont" 87
"../../../Engine/Content/EngineFonts/Faces/DroidSansFallback.uasset" 88
"../../../Engine/Content/EngineFonts/Faces/DroidSansFallback.uexp" 89
"../../../Engine/Content/EngineFonts/Faces/DroidSansFallback.ufont" 90
"../../../Engine/Content/EngineFonts/Roboto.uasset" 91
"../../../Engine/Content/EngineFonts/Roboto.uexp" 92
"../../../Engine/Content/EngineDamageTypes/DmgTypeBP_Environmental.uasset" 93
"../../../Engine/Content/EngineDamageTypes/DmgTypeBP_Environmental.uexp" 94
"../../../Engine/Content/EngineMaterials/T_Default_Material_Grid_N.uasset" 95
"../../../Engine/Content/EngineMaterials/T_Default_Material_Grid_N.uexp" 96
"../../../Engine/Content/EngineMaterials/T_Default_Material_Grid_N.ubulk" 97
"../../../Engine/Content/EngineMaterials/T_Default_Material_Grid_M.uasset" 98
"../../../Engine/Content/EngineMaterials/T_Default_Material_Grid_M.uexp" 99
"../../../Engine/Content/EngineMaterials/T_Default_Material_Grid_M.ubulk" 100
"../../../Engine/Content/Functions/Engine_MaterialFunctions01/Opacity/CameraDepthFade.uasset" 101
"../../../Engine/Content/Functions/Engine_MaterialFunctions01/Opacity/CameraDepthFade.uexp" 102
"../../../Engine/Content/EngineMaterials/WorldGridMaterial.uasset" 103
"../../../Engine/Content/EngineMaterials/WorldGridMaterial.uexp" 104
"../../../Engine/Content/ArtTools/RenderToTexture/Meshes/S_1_Unit_Plane.uasset" 105
"../../../Engine/Content/ArtTools/RenderToTexture/Meshes/S_1_Unit_Plane.uexp" 106
"../../../Engine/Content/EngineMaterials/DefaultCalibrationGrayscale.uasset" 107
"../../../Engine/Content/EngineMaterials/DefaultCalibrationGrayscale.uexp" 108
"../../../Engine/Content/EngineMaterials/PPM_DefaultCalibrationGrayscale.uasset" 109
"../../../Engine/Content/EngineMaterials/PPM_DefaultCalibrationGrayscale.uexp" 110
"../../../Engine/Content/EngineResources/WhiteSquareTexture.uasset" 111
"../../../Engine/Content/EngineResources/WhiteSquareTexture.uexp" 112
"../../../Engine/Content/EngineMaterials/Widget3DPassThrough.uasset" 113
"../../../Engine/Content/EngineMaterials/Widget3DPassThrough.uexp" 114
"../../../Engine/Content/EngineMaterials/Widget3DPassThrough_Masked.uasset" 115
"../../../Engine/Content/EngineMaterials/Widget3DPassThrough_Masked.uexp" 116
"../../../Engine/Content/EngineMaterials/WeightMapPlaceholderTexture.uasset" 117
"../../../Engine/Content/EngineMaterials/WeightMapPlaceholderTexture.uexp" 118
"../../../Engine/Content/EngineMaterials/Widget3DPassThrough_Translucent.uasset" 119
"../../../Engine/Content/EngineMaterials/Widget3DPassThrough_Translucent.uexp" 120
"../../../Engine/Content/EngineMaterials/Widget3DPassThrough_Translucent_OneSided.uasset" 121
"../../../Engine/Content/EngineMaterials/Widget3DPassThrough_Translucent_OneSided.uexp" 122
"../../../Engine/Content/EngineMaterials/DefaultCalibrationColor.uasset" 123
"../../../Engine/Content/EngineMaterials/DefaultCalibrationColor.uexp" 124
"../../../Engine/Content/EngineMaterials/PPM_DefaultCalibrationColor.uasset" 125
"../../../Engine/Content/EngineMaterials/PPM_DefaultCalibrationColor.uexp" 126
"../../../Engine/Content/Functions/Engine_MaterialFunctions02/WorldPositionOffset/CameraOffset.uasset" 127
"../../../Engine/Content/Functions/Engine_MaterialFunctions02/WorldPositionOffset/CameraOffset.uexp" 128
"../../../Engine/Content/EngineMaterials/PhAT_JointLimitMaterial.uasset" 129
"../../../Engine/Content/EngineMaterials/PhAT_JointLimitMaterial.uexp" 130
"../../../Engine/Content/EngineMaterials/GizmoMaterial.uasset" 131
"../../../Engine/Content/EngineMaterials/GizmoMaterial.uexp" 132
"../../../Engine/Content/EngineMaterials/BlueNoise.uasset" 133
"../../../Engine/Content/EngineMaterials/BlueNoise.uexp" 134
"../../../Engine/Content/EngineMaterials/DefaultWhiteGrid_Low.uasset" 135
"../../../Engine/Content/EngineMaterials/DefaultWhiteGrid_Low.uexp" 136
"../../../Engine/Content/EngineMaterials/EmissiveMeshMaterial.uasset" 137
"../../../Engine/Content/EngineMaterials/EmissiveMeshMaterial.uexp" 138
"../../../Engine/Content/EngineMaterials/Widget3DPassThrough_Opaque.uasset" 139
"../../../Engine/Content/EngineMaterials/Widget3DPassThrough_Opaque.uexp" 140
"../../../Engine/Content/EngineMaterials/Widget3DPassThrough_Masked_OneSided.uasset" 141
"../../../Engine/Content/EngineMaterials/Widget3DPassThrough_Masked_OneSided.uexp" 142
"../../../Engine/Content/EngineMaterials/Good64x64TilingNoiseHighFreq.uasset" 143
"../../../Engine/Content/EngineMaterials/Good64x64TilingNoiseHighFreq.uexp" 144
"../../../Engine/Content/EngineMaterials/DefaultBloomKernel.uasset" 145
"../../../Engine/Content/EngineMaterials/DefaultBloomKernel.uexp" 146
"../../../Engine/Content/EngineMaterials/RemoveSurfaceMaterial.uasset" 147
"../../../Engine/Content/EngineMaterials/RemoveSurfaceMaterial.uexp" 148
"../../../Engine/Content/EngineMaterials/DefaultDiffuse.uasset" 149
"../../../Engine/Content/EngineMaterials/DefaultDiffuse.uexp" 150
"../../../Engine/Content/EngineMaterials/DefaultDiffuse.ubulk" 151
"../../../Engine/Content/EngineMaterials/DefaultDeferredDecalMaterial.uasset" 152
"../../../Engine/Content/EngineMaterials/DefaultDeferredDecalMaterial.uexp" 153
"../../../Engine/Content/Functions/Engine_MaterialFunctions02/Utility/BreakOutFloat2Components.uasset" 154
"../../../Engine/Content/Functions/Engine_MaterialFunctions02/Utility/BreakOutFloat2Components.uexp" 155
"../../../Engine/Content/EngineMaterials/DefaultPostProcessMaterial.uasset" 156
"../../../Engine/Content/EngineMaterials/DefaultPostProcessMaterial.uexp" 157
"../../../Engine/Content/EngineMaterials/DefaultPhysicalMaterial.uasset" 158
"../../../Engine/Content/EngineMaterials/DefaultPhysicalMaterial.uexp" 159
"../../../Engine/Content/EngineMaterials/BaseFlattenEmissiveMap.uasset" 160
"../../../Engine/Content/EngineMaterials/BaseFlattenEmissiveMap.uexp" 161
"../../../Engine/Content/EngineMaterials/BaseFlattenGrayscaleMap.uasset" 162
"../../../Engine/Content/EngineMaterials/BaseFlattenGrayscaleMap.uexp" 163
"../../../Engine/Content/EngineMaterials/BaseFlattenDiffuseMap.uasset" 164
"../../../Engine/Content/EngineMaterials/BaseFlattenDiffuseMap.uexp" 165
"../../../Engine/Content/EngineMaterials/BaseFlattenNormalMap.uasset" 166
"../../../Engine/Content/EngineMaterials/BaseFlattenNormalMap.uexp" 167
"../../../Engine/Content/EngineMaterials/BaseFlattenMaterial.uasset" 168
"../../../Engine/Content/EngineMaterials/BaseFlattenMaterial.uexp" 169
"../../../Engine/Content/EngineMaterials/InvalidLightmapSettings.uasset" 170
"../../../Engine/Content/EngineMaterials/InvalidLightmapSettings.uexp" 171
"../../../Engine/Content/EngineMaterials/InvalidLightmapSettings.ubulk" 172
"../../../Engine/Content/EngineMaterials/M_InvalidLightmapSettings.uasset" 173
"../../../Engine/Content/EngineMaterials/M_InvalidLightmapSettings.uexp" 174
"../../../Engine/Content/EngineFonts/RobotoDistanceField.uasset" 175
"../../../Engine/Content/EngineFonts/RobotoDistanceField.uexp" 176
"../../../Engine/Content/EngineMaterials/DefaultTextMaterialOpaque.uasset" 177
"../../../Engine/Content/EngineMaterials/DefaultTextMaterialOpaque.uexp" 178
"../../../Engine/Content/EngineMaterials/PreintegratedSkinBRDF.uasset" 179
"../../../Engine/Content/EngineMaterials/PreintegratedSkinBRDF.uexp" 180
"../../../Engine/Content/EngineMaterials/Widget3DPassThrough_Opaque_OneSided.uasset" 181
"../../../Engine/Content/EngineMaterials/Widget3DPassThrough_Opaque_OneSided.uexp" 182
"../../../Engine/Content/EngineMaterials/DefaultBokeh.uasset" 183
"../../../Engine/Content/EngineMaterials/DefaultBokeh.uexp" 184
"../../../Engine/Content/EngineMaterials/DefaultLightFunctionMaterial.uasset" 185
"../../../Engine/Content/EngineMaterials/DefaultLightFunctionMaterial.uexp" 186
"../../../Engine/Content/EngineMaterials/MiniFont.uasset" 187
"../../../Engine/Content/EngineMaterials/MiniFont.uexp" 188
"../../../Engine/Content/EngineMaterials/DefaultWhiteGrid.uasset" 189
"../../../Engine/Content/EngineMaterials/DefaultWhiteGrid.uexp" 190
"../../../Engine/Content/EngineMaterials/DefaultWhiteGrid.ubulk" 191
"../../../Engine/Content/EngineDebugMaterials/DebugEditorMaterial.uasset" 192
"../../../Engine/Content/EngineDebugMaterials/DebugEditorMaterial.uexp" 193
"../../../Engine/Content/EngineDebugMaterials/VolumeToRender.uasset" 194
"../../../Engine/Content/EngineDebugMaterials/VolumeToRender.uexp" 195
"../../../Engine/Content/Functions/Engine_MaterialFunctions02/Utility/CameraDirectionVector.uasset" 196
"../../../Engine/Content/Functions/Engine_MaterialFunctions02/Utility/CameraDirectionVector.uexp" 197
"../../../Engine/Content/EngineDebugMaterials/M_VolumeRenderSphereTracePP.uasset" 198
"../../../Engine/Content/EngineDebugMaterials/M_VolumeRenderSphereTracePP.uexp" 199
"../../../Engine/Content/EngineDebugMaterials/M_SimpleUnlitTranslucent.uasset" 200
"../../../Engine/Content/EngineDebugMaterials/M_SimpleUnlitTranslucent.uexp" 201
"../../../Engine/Content/EngineDebugMaterials/DebugMeshMaterial.uasset" 202
"../../../Engine/Content/EngineDebugMaterials/DebugMeshMaterial.uexp" 203
"../../../Engine/Content/EngineMaterials/DefaultMaterial.uasset" 204
"../../../Engine/Content/EngineMaterials/DefaultMaterial.uexp" 205
"../../../Engine/Content/BasicShapes/Cone.uasset" 206
"../../../Engine/Content/BasicShapes/Cone.uexp" 207
"../../../Engine/Content/BasicShapes/Plane.uasset" 208
"../../../Engine/Content/BasicShapes/Plane.uexp" 209
"../../../Engine/Content/Functions/Engine_MaterialFunctions01/Shading/ConvertFromDiffSpec.uasset" 210
"../../../Engine/Content/Functions/Engine_MaterialFunctions01/Shading/ConvertFromDiffSpec.uexp" 211
"../../../Engine/Content/Functions/Engine_MaterialFunctions01/Shading/PowerToRoughness.uasset" 212
"../../../Engine/Content/Functions/Engine_MaterialFunctions01/Shading/PowerToRoughness.uexp" 213
"../../../Engine/Content/EngineSounds/Master.uasset" 214
"../../../Engine/Content/EngineSounds/Master.uexp" 215
"../../../Engine/Content/EngineMeshes/Sphere.uasset" 216
"../../../Engine/Content/EngineMeshes/Sphere.uexp" 217
"../../../Engine/Content/EngineSky/VolumetricClouds/CloudWeatherTexture.uasset" 218
"../../../Engine/Content/EngineSky/VolumetricClouds/CloudWeatherTexture.uexp" 219
"../../../Engine/Content/EngineSky/VolumetricClouds/T_NoiseShape64.uasset" 220
"../../../Engine/Content/EngineSky/VolumetricClouds/T_NoiseShape64.uexp" 221
"../../../Engine/Content/EngineSky/VolumetricClouds/T_NoiseShape64.ubulk" 222
"../../../Engine/Content/EngineSky/VolumetricClouds/T_VolumeNoiseShape64.uasset" 223
"../../../Engine/Content/EngineSky/VolumetricClouds/T_VolumeNoiseShape64.uexp" 224
"../../../Engine/Content/EngineSky/VolumetricClouds/T_NoiseErosion.uasset" 225
"../../../Engine/Content/EngineSky/VolumetricClouds/T_NoiseErosion.uexp" 226
"../../../Engine/Content/EngineSky/VolumetricClouds/T_NoiseErosion.ubulk" 227
"../../../Engine/Content/EngineSky/VolumetricClouds/T_VolumeNoiseErosion32.uasset" 228
"../../../Engine/Content/EngineSky/VolumetricClouds/T_VolumeNoiseErosion32.uexp" 229
"../../../Engine/Content/EngineSky/VolumetricClouds/CloudGradientTexture.uasset" 230
"../../../Engine/Content/EngineSky/VolumetricClouds/CloudGradientTexture.uexp" 231
"../../../Engine/Content/Functions/Engine_MaterialFunctions02/Utility/MakeFloat2.uasset" 232
"../../../Engine/Content/Functions/Engine_MaterialFunctions02/Utility/MakeFloat2.uexp" 233
"../../../Engine/Content/EngineSky/VolumetricClouds/m_SimpleVolumetricCloud.uasset" 234
"../../../Engine/Content/EngineSky/VolumetricClouds/m_SimpleVolumetricCloud.uexp" 235
"../../../Engine/Content/EngineSky/VolumetricClouds/m_SimpleVolumetricCloud_Inst.uasset" 236
"../../../Engine/Content/EngineSky/VolumetricClouds/m_SimpleVolumetricCloud_Inst.uexp" 237
"/Users/mootbing/Documents/subway-chaos/SubwayChaos/Content/Blueprints/GameModes/S_SubwayChaosSaveGame.uasset" 238
"/Users/mootbing/Documents/subway-chaos/SubwayChaos/Content/Blueprints/GameModes/S_SubwayChaosSaveGame.uexp" 239
"/Users/mootbing/Documents/subway-chaos/SubwayChaos/Content/Blueprints/GameModes/GameInstanceAKAVariableStorer.uasset" 240
"/Users/mootbing/Documents/subway-chaos/SubwayChaos/Content/Blueprints/GameModes/GameInstanceAKAVariableStorer.uexp" 241
"/Users/mootbing/Documents/subway-chaos/SubwayChaos/Content/Blueprints/Levels/LevelProprietary/Selector/Spline.uasset" 242
"/Users/mootbing/Documents/subway-chaos/SubwayChaos/Content/Blueprints/Levels/LevelProprietary/Selector/Spline.uexp" 243
"/Users/mootbing/Documents/subway-chaos/SubwayChaos/Content/Blueprints/MacroFunctionLibraries/GetGameDataFromLevelNumber.uasset" 244
"/Users/mootbing/Documents/subway-chaos/SubwayChaos/Content/Blueprints/MacroFunctionLibraries/GetGameDataFromLevelNumber.uexp" 245
"/Users/mootbing/Documents/subway-chaos/SubwayChaos/Content/UI/start/images/Lock_Unhovered.uasset" 246
"/Users/mootbing/Documents/subway-chaos/SubwayChaos/Content/UI/start/images/Lock_Unhovered.uexp" 247
"/Users/mootbing/Documents/subway-chaos/SubwayChaos/Content/UI/start/images/Lock_Hovered.uasset" 248
"/Users/mootbing/Documents/subway-chaos/SubwayChaos/Content/UI/start/images/Lock_Hovered.uexp" 249
"/Users/mootbing/Documents/subway-chaos/SubwayChaos/Content/SoundFX/soundtracks/LevelMusic.uasset" 250
"/Users/mootbing/Documents/subway-chaos/SubwayChaos/Content/SoundFX/soundtracks/LevelMusic.uexp" 251
"/Users/mootbing/Documents/subway-chaos/SubwayChaos/Content/SoundFX/sfx/SFX.uasset" 252
"/Users/mootbing/Documents/subway-chaos/SubwayChaos/Content/SoundFX/sfx/SFX.uexp" 253
"/Users/mootbing/Documents/subway-chaos/SubwayChaos/Content/SoundFX/GameMaster.uasset" 254
"/Users/mootbing/Documents/subway-chaos/SubwayChaos/Content/SoundFX/GameMaster.uexp" 255
"/Users/mootbing/Documents/subway-chaos/SubwayChaos/Content/SoundFX/ui/UI.uasset" 256
"/Users/mootbing/Documents/subway-chaos/SubwayChaos/Content/SoundFX/ui/UI.uexp" 257
"/Users/mootbing/Documents/subway-chaos/SubwayChaos/Content/SoundFX/ui/LockClicks.uasset" 258
"/Users/mootbing/Documents/subway-chaos/SubwayChaos/Content/SoundFX/ui/LockClicks.uexp" 259
"/Users/mootbing/Documents/subway-chaos/SubwayChaos/Content/SoundFX/ui/LockClicks.m.ubulk" 260
"/Users/mootbing/Documents/subway-chaos/SubwayChaos/Content/UI/InGame/images/SubwayCards/Card_Tier3.uasset" 261
"/Users/mootbing/Documents/subway-chaos/SubwayChaos/Content/UI/InGame/images/SubwayCards/Card_Tier3.uexp" 262
"/Users/mootbing/Documents/subway-chaos/SubwayChaos/Content/UI/InGame/images/SubwayCards/Card_Tier2.uasset" 263
"/Users/mootbing/Documents/subway-chaos/SubwayChaos/Content/UI/InGame/images/SubwayCards/Card_Tier2.uexp" 264
"/Users/mootbing/Documents/subway-chaos/SubwayChaos/Content/UI/InGame/images/SubwayCards/Card_Tier1.uasset" 265
"/Users/mootbing/Documents/subway-chaos/SubwayChaos/Content/UI/InGame/images/SubwayCards/Card_Tier1.uexp" 266
"/Users/mootbing/Documents/subway-chaos/SubwayChaos/Content/UI/start/images/WhiteBg.uasset" 267
"/Users/mootbing/Documents/subway-chaos/SubwayChaos/Content/UI/start/images/WhiteBg.uexp" 268
"/Users/mootbing/Documents/subway-chaos/SubwayChaos/Content/SoundFX/ui/ButtonHovered.uasset" 269
"/Users/mootbing/Documents/subway-chaos/SubwayChaos/Content/SoundFX/ui/ButtonHovered.uexp" 270
"/Users/mootbing/Documents/subway-chaos/SubwayChaos/Content/SoundFX/ui/ButtonHovered.m.ubulk" 271
"/Users/mootbing/Documents/subway-chaos/SubwayChaos/Content/SoundFX/ui/ButtonClicks.uasset" 272
"/Users/mootbing/Documents/subway-chaos/SubwayChaos/Content/SoundFX/ui/ButtonClicks.uexp" 273
"/Users/mootbing/Documents/subway-chaos/SubwayChaos/Content/SoundFX/ui/ButtonClicks.m.ubulk" 274
"/Users/mootbing/Documents/subway-chaos/SubwayChaos/Content/Font/Helvetica.uasset" 275
"/Users/mootbing/Documents/subway-chaos/SubwayChaos/Content/Font/Helvetica.uexp" 276
"/Users/mootbing/Documents/subway-chaos/SubwayChaos/Content/Font/Helvetica.ufont" 277
"/Users/mootbing/Documents/subway-chaos/SubwayChaos/Content/Font/Helvetica_Font.uasset" 278
"/Users/mootbing/Documents/subway-chaos/SubwayChaos/Content/Font/Helvetica_Font.uexp" 279
"/Users/mootbing/Documents/subway-chaos/SubwayChaos/Content/UI/LevelSelector/Selections.uasset" 280
"/Users/mootbing/Documents/subway-chaos/SubwayChaos/Content/UI/LevelSelector/Selections.uexp" 281
"/Users/mootbing/Documents/subway-chaos/SubwayChaos/Content/Texture_Model/StarterContent/Materials/M_White.uasset" 282
"/Users/mootbing/Documents/subway-chaos/SubwayChaos/Content/Texture_Model/StarterContent/Materials/M_White.uexp" 283
"/Users/mootbing/Documents/subway-chaos/SubwayChaos/Content/Texture_Model/Materials/Colors/M_LessDarkGrey.uasset" 284
"/Users/mootbing/Documents/subway-chaos/SubwayChaos/Content/Texture_Model/Materials/Colors/M_LessDarkGrey.uexp" 285
"/Users/mootbing/Documents/subway-chaos/SubwayChaos/Content/Texture_Model/Meshes/MapStop.uasset" 286
"/Users/mootbing/Documents/subway-chaos/SubwayChaos/Content/Texture_Model/Meshes/MapStop.uexp" 287
"/Users/mootbing/Documents/subway-chaos/SubwayChaos/Content/Blueprints/Levels/LevelProprietary/Selector/B_MapStop.uasset" 288
"/Users/mootbing/Documents/subway-chaos/SubwayChaos/Content/Blueprints/Levels/LevelProprietary/Selector/B_MapStop.uexp" 289
"/Users/mootbing/Documents/subway-chaos/SubwayChaos/Content/UI/start/images/dropdown.uasset" 290
"/Users/mootbing/Documents/subway-chaos/SubwayChaos/Content/UI/start/images/dropdown.uexp" 291
"/Users/mootbing/Documents/subway-chaos/SubwayChaos/Content/UI/LevelSelector/Store.uasset" 292
"/Users/mootbing/Documents/subway-chaos/SubwayChaos/Content/UI/LevelSelector/Store.uexp" 293
"/Users/mootbing/Documents/subway-chaos/SubwayChaos/Content/UI/LevelSelector/Images/Shop.uasset" 294
"/Users/mootbing/Documents/subway-chaos/SubwayChaos/Content/UI/LevelSelector/Images/Shop.uexp" 295
"/Users/mootbing/Documents/subway-chaos/SubwayChaos/Content/UI/LevelSelector/BottomWidget.uasset" 296
"/Users/mootbing/Documents/subway-chaos/SubwayChaos/Content/UI/LevelSelector/BottomWidget.uexp" 297
"/Users/mootbing/Documents/subway-chaos/SubwayChaos/Content/Texture_Model/Materials/Colors/M_DarkGrey.uasset" 298
"/Users/mootbing/Documents/subway-chaos/SubwayChaos/Content/Texture_Model/Materials/Colors/M_DarkGrey.uexp" 299
"/Users/mootbing/Documents/subway-chaos/SubwayChaos/Content/Texture_Model/Meshes/Staircase.uasset" 300
"/Users/mootbing/Documents/subway-chaos/SubwayChaos/Content/Texture_Model/Meshes/Staircase.uexp" 301
"/Users/mootbing/Documents/subway-chaos/SubwayChaos/Content/Texture_Model/Meshes/M_YardFence.uasset" 302
"/Users/mootbing/Documents/subway-chaos/SubwayChaos/Content/Texture_Model/Meshes/M_YardFence.uexp" 303
"/Users/mootbing/Documents/subway-chaos/SubwayChaos/Content/Texture_Model/Materials/Colors/M_Orange.uasset" 304
"/Users/mootbing/Documents/subway-chaos/SubwayChaos/Content/Texture_Model/Materials/Colors/M_Orange.uexp" 305
"/Users/mootbing/Documents/subway-chaos/SubwayChaos/Content/Texture_Model/Materials/Colors/M_Grey.uasset" 306
"/Users/mootbing/Documents/subway-chaos/SubwayChaos/Content/Texture_Model/Materials/Colors/M_Grey.uexp" 307
"/Users/mootbing/Documents/subway-chaos/SubwayChaos/Content/Texture_Model/Meshes/M_UNDZNRCone.uasset" 308
"/Users/mootbing/Documents/subway-chaos/SubwayChaos/Content/Texture_Model/Meshes/M_UNDZNRCone.uexp" 309
"/Users/mootbing/Documents/subway-chaos/SubwayChaos/Content/Texture_Model/Materials/Colors/M_Yellow.uasset" 310
"/Users/mootbing/Documents/subway-chaos/SubwayChaos/Content/Texture_Model/Materials/Colors/M_Yellow.uexp" 311
"/Users/mootbing/Documents/subway-chaos/SubwayChaos/Content/Texture_Model/Meshes/M_TrainStop.uasset" 312
"/Users/mootbing/Documents/subway-chaos/SubwayChaos/Content/Texture_Model/Meshes/M_TrainStop.uexp" 313
"/Users/mootbing/Documents/subway-chaos/SubwayChaos/Content/Texture_Model/StarterContent/Textures/T_MacroVariation.uasset" 314
"/Users/mootbing/Documents/subway-chaos/SubwayChaos/Content/Texture_Model/StarterContent/Textures/T_MacroVariation.uexp" 315
"/Users/mootbing/Documents/subway-chaos/SubwayChaos/Content/Texture_Model/StarterContent/Materials/M_Metal_Brushed_Nickel.uasset" 316
"/Users/mootbing/Documents/subway-chaos/SubwayChaos/Content/Texture_Model/StarterContent/Materials/M_Metal_Brushed_Nickel.uexp" 317
"../../../Engine/Content/MapTemplates/Sky/DaylightAmbientCubemap.uasset" 318
"../../../Engine/Content/MapTemplates/Sky/DaylightAmbientCubemap.uexp" 319
"/Users/mootbing/Documents/subway-chaos/SubwayChaos/Content/Texture_Model/StarterContent/Blueprints/Assets/M_LightStage_Skybox_Master.uasset" 320
"/Users/mootbing/Documents/subway-chaos/SubwayChaos/Content/Texture_Model/StarterContent/Blueprints/Assets/M_LightStage_Skybox_Master.uexp" 321
"/Users/mootbing/Documents/subway-chaos/SubwayChaos/Content/Texture_Model/StarterContent/Blueprints/Assets/M_LightStage_Skybox_Black.uasset" 322
"/Users/mootbing/Documents/subway-chaos/SubwayChaos/Content/Texture_Model/StarterContent/Blueprints/Assets/M_LightStage_Skybox_Black.uexp" 323
"/Users/mootbing/Documents/subway-chaos/SubwayChaos/Content/Texture_Model/StarterContent/Textures/T_Metal_Gold_N.uasset" 324
"/Users/mootbing/Documents/subway-chaos/SubwayChaos/Content/Texture_Model/StarterContent/Textures/T_Metal_Gold_N.uexp" 325
"/Users/mootbing/Documents/subway-chaos/SubwayChaos/Content/Texture_Model/StarterContent/Textures/T_Metal_Gold_N.ubulk" 326
"/Users/mootbing/Documents/subway-chaos/SubwayChaos/Content/Texture_Model/StarterContent/Textures/T_Metal_Aluminum_D.uasset" 327
"/Users/mootbing/Documents/subway-chaos/SubwayChaos/Content/Texture_Model/StarterContent/Textures/T_Metal_Aluminum_D.uexp" 328
"/Users/mootbing/Documents/subway-chaos/SubwayChaos/Content/Texture_Model/StarterContent/Textures/T_Metal_Aluminum_D.ubulk" 329
"/Users/mootbing/Documents/subway-chaos/SubwayChaos/Content/Texture_Model/StarterContent/Materials/M_Metal_Burnished_Steel.uasset" 330
"/Users/mootbing/Documents/subway-chaos/SubwayChaos/Content/Texture_Model/StarterContent/Materials/M_Metal_Burnished_Steel.uexp" 331
"/Users/mootbing/Documents/subway-chaos/SubwayChaos/Content/Texture_Model/StarterContent/Materials/M_Metal_Chrome.uasset" 332
"/Users/mootbing/Documents/subway-chaos/SubwayChaos/Content/Texture_Model/StarterContent/Materials/M_Metal_Chrome.uexp" 333
"/Users/mootbing/Documents/subway-chaos/SubwayChaos/Content/Texture_Model/StarterContent/Textures/T_Metal_Steel_N.uasset" 334
"/Users/mootbing/Documents/subway-chaos/SubwayChaos/Content/Texture_Model/StarterContent/Textures/T_Metal_Steel_N.uexp" 335
"/Users/mootbing/Documents/subway-chaos/SubwayChaos/Content/Texture_Model/StarterContent/Textures/T_Metal_Steel_N.ubulk" 336
"/Users/mootbing/Documents/subway-chaos/SubwayChaos/Content/Texture_Model/StarterContent/Textures/T_Metal_Steel_D.uasset" 337
"/Users/mootbing/Documents/subway-chaos/SubwayChaos/Content/Texture_Model/StarterContent/Textures/T_Metal_Steel_D.uexp" 338
"/Users/mootbing/Documents/subway-chaos/SubwayChaos/Content/Texture_Model/StarterContent/Textures/T_Metal_Steel_D.ubulk" 339
"/Users/mootbing/Documents/subway-chaos/SubwayChaos/Content/Texture_Model/StarterContent/Materials/M_Metal_Steel.uasset" 340
"/Users/mootbing/Documents/subway-chaos/SubwayChaos/Content/Texture_Model/StarterContent/Materials/M_Metal_Steel.uexp" 341
"/Users/mootbing/Documents/subway-chaos/SubwayChaos/Content/Texture_Model/StarterContent/Materials/M_Glass.uasset" 342
"/Users/mootbing/Documents/subway-chaos/SubwayChaos/Content/Texture_Model/StarterContent/Materials/M_Glass.uexp" 343
"/Users/mootbing/Documents/subway-chaos/SubwayChaos/Content/Texture_Model/Meshes/M_Subway_HQ.uasset" 344
"/Users/mootbing/Documents/subway-chaos/SubwayChaos/Content/Texture_Model/Meshes/M_Subway_HQ.uexp" 345
"/Users/mootbing/Documents/subway-chaos/SubwayChaos/Content/Texture_Model/Materials/Colors/M_Blue.uasset" 346
"/Users/mootbing/Documents/subway-chaos/SubwayChaos/Content/Texture_Model/Materials/Colors/M_Blue.uexp" 347
"/Users/mootbing/Documents/subway-chaos/SubwayChaos/Content/Texture_Model/Materials/Colors/M_Aqua.uasset" 348
"/Users/mootbing/Documents/subway-chaos/SubwayChaos/Content/Texture_Model/Materials/Colors/M_Aqua.uexp" 349
"/Users/mootbing/Documents/subway-chaos/SubwayChaos/Content/Texture_Model/Meshes/M_ScuffedTrak_EngineHQ.uasset" 350
"/Users/mootbing/Documents/subway-chaos/SubwayChaos/Content/Texture_Model/Meshes/M_ScuffedTrak_EngineHQ.uexp" 351
"/Users/mootbing/Documents/subway-chaos/SubwayChaos/Content/Texture_Model/StarterContent/Textures/T_Wood_Oak_N.uasset" 352
"/Users/mootbing/Documents/subway-chaos/SubwayChaos/Content/Texture_Model/StarterContent/Textures/T_Wood_Oak_N.uexp" 353
"/Users/mootbing/Documents/subway-chaos/SubwayChaos/Content/Texture_Model/StarterContent/Textures/T_Wood_Oak_N.ubulk" 354
"/Users/mootbing/Documents/subway-chaos/SubwayChaos/Content/Texture_Model/StarterContent/Textures/T_Wood_Oak_D.uasset" 355
"/Users/mootbing/Documents/subway-chaos/SubwayChaos/Content/Texture_Model/StarterContent/Textures/T_Wood_Oak_D.uexp" 356
"/Users/mootbing/Documents/subway-chaos/SubwayChaos/Content/Texture_Model/StarterContent/Textures/T_Wood_Oak_D.ubulk" 357
"/Users/mootbing/Documents/subway-chaos/SubwayChaos/Content/Texture_Model/StarterContent/Materials/M_Wood_Oak.uasset" 358
"/Users/mootbing/Documents/subway-chaos/SubwayChaos/Content/Texture_Model/StarterContent/Materials/M_Wood_Oak.uexp" 359
"/Users/mootbing/Documents/subway-chaos/SubwayChaos/Content/Texture_Model/Meshes/M_Rack.uasset" 360
"/Users/mootbing/Documents/subway-chaos/SubwayChaos/Content/Texture_Model/Meshes/M_Rack.uexp" 361
"/Users/mootbing/Documents/subway-chaos/SubwayChaos/Content/Texture_Model/Meshes/M_IronBeam.uasset" 362
"/Users/mootbing/Documents/subway-chaos/SubwayChaos/Content/Texture_Model/Meshes/M_IronBeam.uexp" 363
"/Users/mootbing/Documents/subway-chaos/SubwayChaos/Content/Texture_Model/Meshes/M_DznrCone.uasset" 364
"/Users/mootbing/Documents/subway-chaos/SubwayChaos/Content/Texture_Model/Meshes/M_DznrCone.uexp" 365
"/Users/mootbing/Documents/subway-chaos/SubwayChaos/Content/Texture_Model/Meshes/justbackground.uasset" 366
"/Users/mootbing/Documents/subway-chaos/SubwayChaos/Content/Texture_Model/Meshes/justbackground.uexp" 367
"/Users/mootbing/Documents/subway-chaos/SubwayChaos/Content/Texture_Model/Materials/Colors/M_DarkBlack.uasset" 368
"/Users/mootbing/Documents/subway-chaos/SubwayChaos/Content/Texture_Model/Materials/Colors/M_DarkBlack.uexp" 369
"/Users/mootbing/Documents/subway-chaos/SubwayChaos/Content/Texture_Model/Meshes/CargoBoat.uasset" 370
"/Users/mootbing/Documents/subway-chaos/SubwayChaos/Content/Texture_Model/Meshes/CargoBoat.uexp" 371
"/Users/mootbing/Documents/subway-chaos/SubwayChaos/Content/Texture_Model/Meshes/Box.uasset" 372
"/Users/mootbing/Documents/subway-chaos/SubwayChaos/Content/Texture_Model/Meshes/Box.uexp" 373
"../../../Engine/Content/MapTemplates/Sky/M_BlackBackground.uasset" 374
"../../../Engine/Content/MapTemplates/Sky/M_BlackBackground.uexp" 375
"/Users/mootbing/Documents/subway-chaos/SubwayChaos/Content/Texture_Model/Materials/M_LitLess.uasset" 376
"/Users/mootbing/Documents/subway-chaos/SubwayChaos/Content/Texture_Model/Materials/M_LitLess.uexp" 377
"/Users/mootbing/Documents/subway-chaos/SubwayChaos/Content/Texture_Model/Materials/Colors/M_Red.uasset" 378
"/Users/mootbing/Documents/subway-chaos/SubwayChaos/Content/Texture_Model/Materials/Colors/M_Red.uexp" 379
"/Users/mootbing/Documents/subway-chaos/SubwayChaos/Content/Texture_Model/Meshes/B_ScuffedTrakCar_On_HQ.uasset" 380
"/Users/mootbing/Documents/subway-chaos/SubwayChaos/Content/Texture_Model/Meshes/B_ScuffedTrakCar_On_HQ.uexp" 381
"/Users/mootbing/Documents/subway-chaos/SubwayChaos/Content/SoundFX/soundtracks/Levels/OST_LevelSelection.uasset" 382
"/Users/mootbing/Documents/subway-chaos/SubwayChaos/Content/SoundFX/soundtracks/Levels/OST_LevelSelection.uexp" 383
"/Users/mootbing/Documents/subway-chaos/SubwayChaos/Content/SoundFX/soundtracks/Levels/OST_LevelSelection.m.ubulk" 384
"/Users/mootbing/Documents/subway-chaos/SubwayChaos/Content/Blueprints/Levels/AboveGround/B_Highrise.uasset" 385
"/Users/mootbing/Documents/subway-chaos/SubwayChaos/Content/Blueprints/Levels/AboveGround/B_Highrise.uexp" 386
"/Users/mootbing/Documents/subway-chaos/SubwayChaos/Content/Blueprints/Levels/AboveGround/B_Apartment.uasset" 387
"/Users/mootbing/Documents/subway-chaos/SubwayChaos/Content/Blueprints/Levels/AboveGround/B_Apartment.uexp" 388
"../../../Engine/Content/EngineSky/T_Sky_Stars.uasset" 389
"../../../Engine/Content/EngineSky/T_Sky_Stars.uexp" 390
"../../../Engine/Content/EngineSky/T_Sky_Stars.ubulk" 391
"../../../Engine/Content/EngineSky/T_Sky_Clouds_M.uasset" 392
"../../../Engine/Content/EngineSky/T_Sky_Clouds_M.uexp" 393
"../../../Engine/Content/EngineSky/T_Sky_Clouds_M.ubulk" 394
"../../../Engine/Content/EngineSky/T_Sky_Blue.uasset" 395
"../../../Engine/Content/EngineSky/T_Sky_Blue.uexp" 396
"../../../Engine/Content/EngineSky/T_Sky_Blue.ubulk" 397
"../../../Engine/Content/BasicShapes/Cylinder.uasset" 398
"../../../Engine/Content/BasicShapes/Cylinder.uexp" 399
"../../../Engine/Content/BasicShapes/Cube.uasset" 400
"../../../Engine/Content/BasicShapes/Cube.uexp" 401
"/Users/mootbing/Documents/subway-chaos/SubwayChaos/Content/Texture_Model/StarterContent/Textures/T_Metal_Gold_D.uasset" 402
"/Users/mootbing/Documents/subway-chaos/SubwayChaos/Content/Texture_Model/StarterContent/Textures/T_Metal_Gold_D.uexp" 403
"/Users/mootbing/Documents/subway-chaos/SubwayChaos/Content/Texture_Model/StarterContent/Textures/T_Metal_Gold_D.ubulk" 404
"/Users/mootbing/Documents/subway-chaos/SubwayChaos/Content/Texture_Model/StarterContent/Materials/M_Metal_Gold.uasset" 405
"/Users/mootbing/Documents/subway-chaos/SubwayChaos/Content/Texture_Model/StarterContent/Materials/M_Metal_Gold.uexp" 406
"/Users/mootbing/Documents/subway-chaos/SubwayChaos/Content/Texture_Model/StarterContent/Materials/M_Basic_Floor.uasset" 407
"/Users/mootbing/Documents/subway-chaos/SubwayChaos/Content/Texture_Model/StarterContent/Materials/M_Basic_Floor.uexp" 408
"/Users/mootbing/Documents/subway-chaos/SubwayChaos/Content/Texture_Model/Materials/M_LitUpHovered.uasset" 409
"/Users/mootbing/Documents/subway-chaos/SubwayChaos/Content/Texture_Model/Materials/M_LitUpHovered.uexp" 410
"/Users/mootbing/Documents/subway-chaos/SubwayChaos/Content/Texture_Model/Materials/Colors/M_SandYellow.uasset" 411
"/Users/mootbing/Documents/subway-chaos/SubwayChaos/Content/Texture_Model/Materials/Colors/M_SandYellow.uexp" 412
"/Users/mootbing/Documents/subway-chaos/SubwayChaos/Content/Texture_Model/Materials/Colors/M_Purple.uasset" 413
"/Users/mootbing/Documents/subway-chaos/SubwayChaos/Content/Texture_Model/Materials/Colors/M_Purple.uexp" 414
"/Users/mootbing/Documents/subway-chaos/SubwayChaos/Content/Texture_Model/Materials/Colors/M_MapDarkBlue.uasset" 415
"/Users/mootbing/Documents/subway-chaos/SubwayChaos/Content/Texture_Model/Materials/Colors/M_MapDarkBlue.uexp" 416
"/Users/mootbing/Documents/subway-chaos/SubwayChaos/Content/Texture_Model/Materials/Colors/M_LightLightGreen.uasset" 417
"/Users/mootbing/Documents/subway-chaos/SubwayChaos/Content/Texture_Model/Materials/Colors/M_LightLightGreen.uexp" 418
"/Users/mootbing/Documents/subway-chaos/SubwayChaos/Content/Texture_Model/Materials/Colors/M_LightGreen.uasset" 419
"/Users/mootbing/Documents/subway-chaos/SubwayChaos/Content/Texture_Model/Materials/Colors/M_LightGreen.uexp" 420
"/Users/mootbing/Documents/subway-chaos/SubwayChaos/Content/Texture_Model/Materials/Colors/M_Green.uasset" 421
"/Users/mootbing/Documents/subway-chaos/SubwayChaos/Content/Texture_Model/Materials/Colors/M_Green.uexp" 422
"/Users/mootbing/Documents/subway-chaos/SubwayChaos/Content/Texture_Model/Materials/Colors/M_Brown.uasset" 423
"/Users/mootbing/Documents/subway-chaos/SubwayChaos/Content/Texture_Model/Materials/Colors/M_Brown.uexp" 424
"../../../Engine/Content/EngineSky/M_Sky_Panning_Clouds2.uasset" 425
"../../../Engine/Content/EngineSky/M_Sky_Panning_Clouds2.uexp" 426
"../../../Engine/Content/BasicShapes/BasicShapeMaterial.uasset" 427
"../../../Engine/Content/BasicShapes/BasicShapeMaterial.uexp" 428
"/Users/mootbing/Documents/subway-chaos/SubwayChaos/Content/Maps/NonLevels/LevelSelector_BuiltData.uasset" 429
"/Users/mootbing/Documents/subway-chaos/SubwayChaos/Content/Maps/NonLevels/LevelSelector_BuiltData.uexp" 430
"/Users/mootbing/Documents/subway-chaos/SubwayChaos/Content/Texture_Model/StarterContent/Textures/T_Wood_Walnut_D.uasset" 431
"/Users/mootbing/Documents/subway-chaos/SubwayChaos/Content/Texture_Model/StarterContent/Textures/T_Wood_Walnut_D.uexp" 432
"/Users/mootbing/Documents/subway-chaos/SubwayChaos/Content/Texture_Model/StarterContent/Textures/T_Wood_Walnut_D.ubulk" 433
"/Users/mootbing/Documents/subway-chaos/SubwayChaos/Content/Texture_Model/StarterContent/Textures/T_Wood_Walnut_N.uasset" 434
"/Users/mootbing/Documents/subway-chaos/SubwayChaos/Content/Texture_Model/StarterContent/Textures/T_Wood_Walnut_N.uexp" 435
"/Users/mootbing/Documents/subway-chaos/SubwayChaos/Content/Texture_Model/StarterContent/Textures/T_Wood_Walnut_N.ubulk" 436
"/Users/mootbing/Documents/subway-chaos/SubwayChaos/Content/Texture_Model/StarterContent/Materials/M_Wood_Walnut.uasset" 437
"/Users/mootbing/Documents/subway-chaos/SubwayChaos/Content/Texture_Model/StarterContent/Materials/M_Wood_Walnut.uexp" 438
"/Users/mootbing/Documents/subway-chaos/SubwayChaos/Content/Texture_Model/Meshes/M_RailHQ.uasset" 439
"/Users/mootbing/Documents/subway-chaos/SubwayChaos/Content/Texture_Model/Meshes/M_RailHQ.uexp" 440
"/Users/mootbing/Documents/subway-chaos/SubwayChaos/Content/Texture_Model/Meshes/M_3rdRailHQ.uasset" 441
"/Users/mootbing/Documents/subway-chaos/SubwayChaos/Content/Texture_Model/Meshes/M_3rdRailHQ.uexp" 442
"/Users/mootbing/Documents/subway-chaos/SubwayChaos/Content/Texture_Model/Meshes/M_RailLQ.uasset" 443
"/Users/mootbing/Documents/subway-chaos/SubwayChaos/Content/Texture_Model/Meshes/M_RailLQ.uexp" 444
"/Users/mootbing/Documents/subway-chaos/SubwayChaos/Content/Texture_Model/Meshes/M_3rdRailLQ.uasset" 445
"/Users/mootbing/Documents/subway-chaos/SubwayChaos/Content/Texture_Model/Meshes/M_3rdRailLQ.uexp" 446
"/Users/mootbing/Documents/subway-chaos/SubwayChaos/Content/Blueprints/MacroFunctionLibraries/GetObjectFacingDir.uasset" 447
"/Users/mootbing/Documents/subway-chaos/SubwayChaos/Content/Blueprints/MacroFunctionLibraries/GetObjectFacingDir.uexp" 448
"/Users/mootbing/Documents/subway-chaos/SubwayChaos/Content/Blueprints/Tracks/B_GameTracks.uasset" 449
"/Users/mootbing/Documents/subway-chaos/SubwayChaos/Content/Blueprints/Tracks/B_GameTracks.uexp" 450
"/Users/mootbing/Documents/subway-chaos/SubwayChaos/Content/MacroLib/M_MoveObjectLerping.uasset" 451
"/Users/mootbing/Documents/subway-chaos/SubwayChaos/Content/MacroLib/M_MoveObjectLerping.uexp" 452
"/Users/mootbing/Documents/subway-chaos/SubwayChaos/Content/Blueprints/Levels/B_TrainConfirmBox.uasset" 453
"/Users/mootbing/Documents/subway-chaos/SubwayChaos/Content/Blueprints/Levels/B_TrainConfirmBox.uexp" 454
"/Users/mootbing/Documents/subway-chaos/SubwayChaos/Content/UI/InGame/images/icons/TrainIcon.uasset" 455
"/Users/mootbing/Documents/subway-chaos/SubwayChaos/Content/UI/InGame/images/icons/TrainIcon.uexp" 456
"/Users/mootbing/Documents/subway-chaos/SubwayChaos/Content/UI/InGame/images/icons/StopIcon.uasset" 457
"/Users/mootbing/Documents/subway-chaos/SubwayChaos/Content/UI/InGame/images/icons/StopIcon.uexp" 458
"/Users/mootbing/Documents/subway-chaos/SubwayChaos/Content/UI/InGame/images/icons/ItchBackground.uasset" 459
"/Users/mootbing/Documents/subway-chaos/SubwayChaos/Content/UI/InGame/images/icons/ItchBackground.uexp" 460
"/Users/mootbing/Documents/subway-chaos/SubwayChaos/Content/UI/InGame/images/Buttons/Stop_Unhovered.uasset" 461
"/Users/mootbing/Documents/subway-chaos/SubwayChaos/Content/UI/InGame/images/Buttons/Stop_Unhovered.uexp" 462
"/Users/mootbing/Documents/subway-chaos/SubwayChaos/Content/UI/InGame/images/Buttons/Paused_Unhovered.uasset" 463
"/Users/mootbing/Documents/subway-chaos/SubwayChaos/Content/UI/InGame/images/Buttons/Paused_Unhovered.uexp" 464
"/Users/mootbing/Documents/subway-chaos/SubwayChaos/Content/UI/InGame/images/Buttons/Paused_Hovered.uasset" 465
"/Users/mootbing/Documents/subway-chaos/SubwayChaos/Content/UI/InGame/images/Buttons/Paused_Hovered.uexp" 466
"/Users/mootbing/Documents/subway-chaos/SubwayChaos/Content/UI/InGame/images/Buttons/Eye_Hovered.uasset" 467
"/Users/mootbing/Documents/subway-chaos/SubwayChaos/Content/UI/InGame/images/Buttons/Eye_Hovered.uexp" 468
"/Users/mootbing/Documents/subway-chaos/SubwayChaos/Content/UI/InGame/images/SubwayCards/Empty_Card.uasset" 469
"/Users/mootbing/Documents/subway-chaos/SubwayChaos/Content/UI/InGame/images/SubwayCards/Empty_Card.uexp" 470
"/Users/mootbing/Documents/subway-chaos/SubwayChaos/Content/UI/InGame/SubwayDetails.uasset" 471
"/Users/mootbing/Documents/subway-chaos/SubwayChaos/Content/UI/InGame/SubwayDetails.uexp" 472
"/Users/mootbing/Documents/subway-chaos/SubwayChaos/Content/UI/start/images/MetroSlider_Unhovered.uasset" 473
"/Users/mootbing/Documents/subway-chaos/SubwayChaos/Content/UI/start/images/MetroSlider_Unhovered.uexp" 474
"/Users/mootbing/Documents/subway-chaos/SubwayChaos/Content/UI/start/images/MetroSlider_Hovered.uasset" 475
"/Users/mootbing/Documents/subway-chaos/SubwayChaos/Content/UI/start/images/MetroSlider_Hovered.uexp" 476
"/Users/mootbing/Documents/subway-chaos/SubwayChaos/Content/UI/InGame/images/icons/DerailedIcon.uasset" 477
"/Users/mootbing/Documents/subway-chaos/SubwayChaos/Content/UI/InGame/images/icons/DerailedIcon.uexp" 478
"/Users/mootbing/Documents/subway-chaos/SubwayChaos/Content/UI/InGame/InGameUI.uasset" 479
"/Users/mootbing/Documents/subway-chaos/SubwayChaos/Content/UI/InGame/InGameUI.uexp" 480
"/Users/mootbing/Documents/subway-chaos/SubwayChaos/Content/Blueprints/GameModes/B_Database.uasset" 481
"/Users/mootbing/Documents/subway-chaos/SubwayChaos/Content/Blueprints/GameModes/B_Database.uexp" 482
"/Users/mootbing/Documents/subway-chaos/SubwayChaos/Content/Texture_Model/Meshes/M_ScuffedTrak_EngineLQ.uasset" 483
"/Users/mootbing/Documents/subway-chaos/SubwayChaos/Content/Texture_Model/Meshes/M_ScuffedTrak_EngineLQ.uexp" 484
"/Users/mootbing/Documents/subway-chaos/SubwayChaos/Content/Texture_Model/Meshes/B_ScuffedTrakCar_On_LQ.uasset" 485
"/Users/mootbing/Documents/subway-chaos/SubwayChaos/Content/Texture_Model/Meshes/B_ScuffedTrakCar_On_LQ.uexp" 486
"/Users/mootbing/Documents/subway-chaos/SubwayChaos/Content/SoundFX/sfx/TrainHornMadeMyself.uasset" 487
"/Users/mootbing/Documents/subway-chaos/SubwayChaos/Content/SoundFX/sfx/TrainHornMadeMyself.uexp" 488
"/Users/mootbing/Documents/subway-chaos/SubwayChaos/Content/SoundFX/sfx/TrainHornMadeMyself.m.ubulk" 489
"/Users/mootbing/Documents/subway-chaos/SubwayChaos/Content/Blueprints/Trains/B_ScuffedTrak.uasset" 490
"/Users/mootbing/Documents/subway-chaos/SubwayChaos/Content/Blueprints/Trains/B_ScuffedTrak.uexp" 491
"/Users/mootbing/Documents/subway-chaos/SubwayChaos/Content/Blueprints/Levels/LevelProprietary/level2/Obstacle.uasset" 492
"/Users/mootbing/Documents/subway-chaos/SubwayChaos/Content/Blueprints/Levels/LevelProprietary/level2/Obstacle.uexp" 493
"/Users/mootbing/Documents/subway-chaos/SubwayChaos/Content/Texture_Model/Materials/M_TrainHover.uasset" 494
"/Users/mootbing/Documents/subway-chaos/SubwayChaos/Content/Texture_Model/Materials/M_TrainHover.uexp" 495
"/Users/mootbing/Documents/subway-chaos/SubwayChaos/Content/Texture_Model/Meshes/M_TrainHoverBlock.uasset" 496
"/Users/mootbing/Documents/subway-chaos/SubwayChaos/Content/Texture_Model/Meshes/M_TrainHoverBlock.uexp" 497
"/Users/mootbing/Documents/subway-chaos/SubwayChaos/Content/Texture_Model/StarterContent/Textures/T_Spark_Core.uasset" 498
"/Users/mootbing/Documents/subway-chaos/SubwayChaos/Content/Texture_Model/StarterContent/Textures/T_Spark_Core.uexp" 499
"/Users/mootbing/Documents/subway-chaos/SubwayChaos/Content/Texture_Model/StarterContent/Textures/T_Spark_Core.ubulk" 500
"/Users/mootbing/Documents/subway-chaos/SubwayChaos/Content/Texture_Model/StarterContent/Particles/Materials/M_Spark.uasset" 501
"/Users/mootbing/Documents/subway-chaos/SubwayChaos/Content/Texture_Model/StarterContent/Particles/Materials/M_Spark.uexp" 502
"/Users/mootbing/Documents/subway-chaos/SubwayChaos/Content/Texture_Model/StarterContent/Textures/T_Smoke_Tiled_D.uasset" 503
"/Users/mootbing/Documents/subway-chaos/SubwayChaos/Content/Texture_Model/StarterContent/Textures/T_Smoke_Tiled_D.uexp" 504
"/Users/mootbing/Documents/subway-chaos/SubwayChaos/Content/Texture_Model/StarterContent/Textures/T_Smoke_Tiled_D.ubulk" 505
"/Users/mootbing/Documents/subway-chaos/SubwayChaos/Content/Texture_Model/StarterContent/Textures/T_Smoke_SubUV.uasset" 506
"/Users/mootbing/Documents/subway-chaos/SubwayChaos/Content/Texture_Model/StarterContent/Textures/T_Smoke_SubUV.uexp" 507
"/Users/mootbing/Documents/subway-chaos/SubwayChaos/Content/Texture_Model/StarterContent/Textures/T_Smoke_SubUV.ubulk" 508
"/Users/mootbing/Documents/subway-chaos/SubwayChaos/Content/Texture_Model/StarterContent/Particles/Materials/M_smoke_subUV.uasset" 509
"/Users/mootbing/Documents/subway-chaos/SubwayChaos/Content/Texture_Model/StarterContent/Particles/Materials/M_smoke_subUV.uexp" 510
"../../../Engine/Content/Functions/Engine_MaterialFunctions01/Gradient/RadialGradient.uasset" 511
"../../../Engine/Content/Functions/Engine_MaterialFunctions01/Gradient/RadialGradient.uexp" 512
"/Users/mootbing/Documents/subway-chaos/SubwayChaos/Content/Texture_Model/StarterContent/Particles/Materials/M_Radial_Gradient.uasset" 513
"/Users/mootbing/Documents/subway-chaos/SubwayChaos/Content/Texture_Model/StarterContent/Particles/Materials/M_Radial_Gradient.uexp" 514
"/Users/mootbing/Documents/subway-chaos/SubwayChaos/Content/Texture_Model/StarterContent/Particles/P_Sparks.uasset" 515
"/Users/mootbing/Documents/subway-chaos/SubwayChaos/Content/Texture_Model/StarterContent/Particles/P_Sparks.uexp" 516
"/Users/mootbing/Documents/subway-chaos/SubwayChaos/Content/Texture_Model/StarterContent/Textures/T_Water_N.uasset" 517
"/Users/mootbing/Documents/subway-chaos/SubwayChaos/Content/Texture_Model/StarterContent/Textures/T_Water_N.uexp" 518
"/Users/mootbing/Documents/subway-chaos/SubwayChaos/Content/Texture_Model/StarterContent/Textures/T_Water_N.ubulk" 519
"/Users/mootbing/Documents/subway-chaos/SubwayChaos/Content/Texture_Model/StarterContent/Particles/Materials/M_Heat_Distortion.uasset" 520
"/Users/mootbing/Documents/subway-chaos/SubwayChaos/Content/Texture_Model/StarterContent/Particles/Materials/M_Heat_Distortion.uexp" 521
"/Users/mootbing/Documents/subway-chaos/SubwayChaos/Content/Texture_Model/StarterContent/Textures/T_Fire_SubUV.uasset" 522
"/Users/mootbing/Documents/subway-chaos/SubwayChaos/Content/Texture_Model/StarterContent/Textures/T_Fire_SubUV.uexp" 523
"/Users/mootbing/Documents/subway-chaos/SubwayChaos/Content/Texture_Model/StarterContent/Textures/T_Fire_SubUV.ubulk" 524
"/Users/mootbing/Documents/subway-chaos/SubwayChaos/Content/Texture_Model/StarterContent/Textures/T_Fire_Tiled_D.uasset" 525
"/Users/mootbing/Documents/subway-chaos/SubwayChaos/Content/Texture_Model/StarterContent/Textures/T_Fire_Tiled_D.uexp" 526
"/Users/mootbing/Documents/subway-chaos/SubwayChaos/Content/Texture_Model/StarterContent/Textures/T_Fire_Tiled_D.ubulk" 527
"/Users/mootbing/Documents/subway-chaos/SubwayChaos/Content/Texture_Model/StarterContent/Particles/Materials/M_Fire_SubUV.uasset" 528
"/Users/mootbing/Documents/subway-chaos/SubwayChaos/Content/Texture_Model/StarterContent/Particles/Materials/M_Fire_SubUV.uexp" 529
"/Users/mootbing/Documents/subway-chaos/SubwayChaos/Content/Texture_Model/StarterContent/Particles/P_Fire.uasset" 530
"/Users/mootbing/Documents/subway-chaos/SubwayChaos/Content/Texture_Model/StarterContent/Particles/P_Fire.uexp" 531
"/Users/mootbing/Documents/subway-chaos/SubwayChaos/Content/Texture_Model/StarterContent/Particles/Materials/M_radial_ramp.uasset" 532
"/Users/mootbing/Documents/subway-chaos/SubwayChaos/Content/Texture_Model/StarterContent/Particles/Materials/M_radial_ramp.uexp" 533
"/Users/mootbing/Documents/subway-chaos/SubwayChaos/Content/Texture_Model/StarterContent/Particles/Materials/m_flare_01.uasset" 534
"/Users/mootbing/Documents/subway-chaos/SubwayChaos/Content/Texture_Model/StarterContent/Particles/Materials/m_flare_01.uexp" 535
"/Users/mootbing/Documents/subway-chaos/SubwayChaos/Content/Texture_Model/StarterContent/Textures/T_Explosion_SubUV.uasset" 536
"/Users/mootbing/Documents/subway-chaos/SubwayChaos/Content/Texture_Model/StarterContent/Textures/T_Explosion_SubUV.uexp" 537
"/Users/mootbing/Documents/subway-chaos/SubwayChaos/Content/Texture_Model/StarterContent/Textures/T_Explosion_SubUV.ubulk" 538
"/Users/mootbing/Documents/subway-chaos/SubwayChaos/Content/Texture_Model/StarterContent/Particles/Materials/M_explosion_subUV.uasset" 539
"/Users/mootbing/Documents/subway-chaos/SubwayChaos/Content/Texture_Model/StarterContent/Particles/Materials/M_explosion_subUV.uexp" 540
"/Users/mootbing/Documents/subway-chaos/SubwayChaos/Content/Texture_Model/StarterContent/Textures/T_Burst_M.uasset" 541
"/Users/mootbing/Documents/subway-chaos/SubwayChaos/Content/Texture_Model/StarterContent/Textures/T_Burst_M.uexp" 542
"/Users/mootbing/Documents/subway-chaos/SubwayChaos/Content/Texture_Model/StarterContent/Textures/T_Burst_M.ubulk" 543
"/Users/mootbing/Documents/subway-chaos/SubwayChaos/Content/Texture_Model/StarterContent/Particles/Materials/M_Burst.uasset" 544
"/Users/mootbing/Documents/subway-chaos/SubwayChaos/Content/Texture_Model/StarterContent/Particles/Materials/M_Burst.uexp" 545
"/Users/mootbing/Documents/subway-chaos/SubwayChaos/Content/Texture_Model/StarterContent/Particles/P_Explosion.uasset" 546
"/Users/mootbing/Documents/subway-chaos/SubwayChaos/Content/Texture_Model/StarterContent/Particles/P_Explosion.uexp" 547
"/Users/mootbing/Documents/subway-chaos/SubwayChaos/Content/Texture_Model/Meshes/M_Subway.uasset" 548
"/Users/mootbing/Documents/subway-chaos/SubwayChaos/Content/Texture_Model/Meshes/M_Subway.uexp" 549
"/Users/mootbing/Documents/subway-chaos/SubwayChaos/Content/Texture_Model/Meshes/M_Subway_DM.uasset" 550
"/Users/mootbing/Documents/subway-chaos/SubwayChaos/Content/Texture_Model/Meshes/M_Subway_DM.uexp" 551
"/Users/mootbing/Documents/subway-chaos/SubwayChaos/Content/Texture_Model/Materials/Colors/M_LightStage_Skybox_Black.uasset" 552
"/Users/mootbing/Documents/subway-chaos/SubwayChaos/Content/Texture_Model/Materials/Colors/M_LightStage_Skybox_Black.uexp" 553
"/Users/mootbing/Documents/subway-chaos/SubwayChaos/Content/Blueprints/Trains/B_DestructableSubway.uasset" 554
"/Users/mootbing/Documents/subway-chaos/SubwayChaos/Content/Blueprints/Trains/B_DestructableSubway.uexp" 555
"/Users/mootbing/Documents/subway-chaos/SubwayChaos/Content/Texture_Model/Meshes/M_Subway_LQ.uasset" 556
"/Users/mootbing/Documents/subway-chaos/SubwayChaos/Content/Texture_Model/Meshes/M_Subway_LQ.uexp" 557
"/Users/mootbing/Documents/subway-chaos/SubwayChaos/Content/Blueprints/Trains/B_Subwayy.uasset" 558
"/Users/mootbing/Documents/subway-chaos/SubwayChaos/Content/Blueprints/Trains/B_Subwayy.uexp" 559
"/Users/mootbing/Documents/subway-chaos/SubwayChaos/Content/Texture_Model/Meshes/PlaneNose.uasset" 560
"/Users/mootbing/Documents/subway-chaos/SubwayChaos/Content/Texture_Model/Meshes/PlaneNose.uexp" 561
"/Users/mootbing/Documents/subway-chaos/SubwayChaos/Content/Texture_Model/Meshes/PlaneNoNose.uasset" 562
"/Users/mootbing/Documents/subway-chaos/SubwayChaos/Content/Texture_Model/Meshes/PlaneNoNose.uexp" 563
"/Users/mootbing/Documents/subway-chaos/SubwayChaos/Content/Blueprints/Trains/Plane.uasset" 564
"/Users/mootbing/Documents/subway-chaos/SubwayChaos/Content/Blueprints/Trains/Plane.uexp" 565
"/Users/mootbing/Documents/subway-chaos/SubwayChaos/Content/Blueprints/Levels/LevelProprietary/Selector/ATCTowerTop.uasset" 566
"/Users/mootbing/Documents/subway-chaos/SubwayChaos/Content/Blueprints/Levels/LevelProprietary/Selector/ATCTowerTop.uexp" 567
"/Users/mootbing/Documents/subway-chaos/SubwayChaos/Content/Blueprints/Levels/LevelProprietary/level8/B_Airport_ATC.uasset" 568
"/Users/mootbing/Documents/subway-chaos/SubwayChaos/Content/Blueprints/Levels/LevelProprietary/level8/B_Airport_ATC.uexp" 569
"/Users/mootbing/Documents/subway-chaos/SubwayChaos/Content/Texture_Model/Materials/M_WornSteel.uasset" 570
"/Users/mootbing/Documents/subway-chaos/SubwayChaos/Content/Texture_Model/Materials/M_WornSteel.uexp" 571
"/Users/mootbing/Documents/subway-chaos/SubwayChaos/Content/Texture_Model/Meshes/M_BridgeSideBeam.uasset" 572
"/Users/mootbing/Documents/subway-chaos/SubwayChaos/Content/Texture_Model/Meshes/M_BridgeSideBeam.uexp" 573
"/Users/mootbing/Documents/subway-chaos/SubwayChaos/Content/Blueprints/Levels/LevelProprietary/level7/B_TrioBeams.uasset" 574
"/Users/mootbing/Documents/subway-chaos/SubwayChaos/Content/Blueprints/Levels/LevelProprietary/level7/B_TrioBeams.uexp" 575
"/Users/mootbing/Documents/subway-chaos/SubwayChaos/Content/Blueprints/Levels/LevelProprietary/level7/B_Quad.uasset" 576
"/Users/mootbing/Documents/subway-chaos/SubwayChaos/Content/Blueprints/Levels/LevelProprietary/level7/B_Quad.uexp" 577
"/Users/mootbing/Documents/subway-chaos/SubwayChaos/Content/Blueprints/Levels/LevelProprietary/level2/B_Museum.uasset" 578
"/Users/mootbing/Documents/subway-chaos/SubwayChaos/Content/Blueprints/Levels/LevelProprietary/level2/B_Museum.uexp" 579
"../../../Engine/Content/BasicShapes/Sphere.uasset" 580
"../../../Engine/Content/BasicShapes/Sphere.uexp" 581
"/Users/mootbing/Documents/subway-chaos/SubwayChaos/Content/Blueprints/Levels/LevelProprietary/level2/B_BoneB.uasset" 582
"/Users/mootbing/Documents/subway-chaos/SubwayChaos/Content/Blueprints/Levels/LevelProprietary/level2/B_BoneB.uexp" 583
"../../../Engine/Content/EngineSky/C_Sky_Horizon_Color.uasset" 584
"../../../Engine/Content/EngineSky/C_Sky_Horizon_Color.uexp" 585
"../../../Engine/Content/EngineSky/C_Sky_Cloud_Color.uasset" 586
"../../../Engine/Content/EngineSky/C_Sky_Cloud_Color.uexp" 587
"../../../Engine/Content/EngineSky/C_Sky_Zenith_Color.uasset" 588
"../../../Engine/Content/EngineSky/C_Sky_Zenith_Color.uexp" 589
"../../../Engine/Content/EngineSky/SM_SkySphere.uasset" 590
"../../../Engine/Content/EngineSky/SM_SkySphere.uexp" 591
"../../../Engine/Content/EngineSky/BP_Sky_Sphere.uasset" 592
"../../../Engine/Content/EngineSky/BP_Sky_Sphere.uexp" 593
"/Users/mootbing/Documents/subway-chaos/SubwayChaos/Content/Maps/NonLevels/LevelSelector.uexp" 594
"/Users/mootbing/Documents/subway-chaos/SubwayChaos/Content/Maps/NonLevels/LevelSelector.umap" 595
"/Users/mootbing/Documents/subway-chaos/SubwayChaos/Content/UI/start/images/SocialYT_Unhovered.uasset" 596
"/Users/mootbing/Documents/subway-chaos/SubwayChaos/Content/UI/start/images/SocialYT_Unhovered.uexp" 597
"/Users/mootbing/Documents/subway-chaos/SubwayChaos/Content/UI/start/images/SocialsYT_Hovered.uasset" 598
"/Users/mootbing/Documents/subway-chaos/SubwayChaos/Content/UI/start/images/SocialsYT_Hovered.uexp" 599
"/Users/mootbing/Documents/subway-chaos/SubwayChaos/Content/UI/start/images/SocialsGH_Unhovered.uasset" 600
"/Users/mootbing/Documents/subway-chaos/SubwayChaos/Content/UI/start/images/SocialsGH_Unhovered.uexp" 601
"/Users/mootbing/Documents/subway-chaos/SubwayChaos/Content/UI/start/images/SocialsGH_Hovered.uasset" 602
"/Users/mootbing/Documents/subway-chaos/SubwayChaos/Content/UI/start/images/SocialsGH_Hovered.uexp" 603
"/Users/mootbing/Documents/subway-chaos/SubwayChaos/Content/UI/start/images/PressedInTGA.uasset" 604
"/Users/mootbing/Documents/subway-chaos/SubwayChaos/Content/UI/start/images/PressedInTGA.uexp" 605
"/Users/mootbing/Documents/subway-chaos/SubwayChaos/Content/UI/start/images/dropdownarrow.uasset" 606
"/Users/mootbing/Documents/subway-chaos/SubwayChaos/Content/UI/start/images/dropdownarrow.uexp" 607
"/Users/mootbing/Documents/subway-chaos/SubwayChaos/Content/UI/start/images/badge-color.uasset" 608
"/Users/mootbing/Documents/subway-chaos/SubwayChaos/Content/UI/start/images/badge-color.uexp" 609
"/Users/mootbing/Documents/subway-chaos/SubwayChaos/Content/UI/start/images/badge.uasset" 610
"/Users/mootbing/Documents/subway-chaos/SubwayChaos/Content/UI/start/images/badge.uexp" 611
"/Users/mootbing/Documents/subway-chaos/SubwayChaos/Content/SoundFX/soundtracks/OST_Credits.uasset" 612
"/Users/mootbing/Documents/subway-chaos/SubwayChaos/Content/SoundFX/soundtracks/OST_Credits.uexp" 613
"/Users/mootbing/Documents/subway-chaos/SubwayChaos/Content/SoundFX/soundtracks/OST_Credits.m.ubulk" 614
"/Users/mootbing/Documents/subway-chaos/SubwayChaos/Content/SoundFX/SoundMix.uasset" 615
"/Users/mootbing/Documents/subway-chaos/SubwayChaos/Content/SoundFX/SoundMix.uexp" 616
"/Users/mootbing/Documents/subway-chaos/SubwayChaos/Content/Texture_Model/Materials/M_BlueMenu.uasset" 617
"/Users/mootbing/Documents/subway-chaos/SubwayChaos/Content/Texture_Model/Materials/M_BlueMenu.uexp" 618
"/Users/mootbing/Documents/subway-chaos/SubwayChaos/Content/UI/start/images/ExitButton_Hovered.uasset" 619
"/Users/mootbing/Documents/subway-chaos/SubwayChaos/Content/UI/start/images/ExitButton_Hovered.uexp" 620
"/Users/mootbing/Documents/subway-chaos/SubwayChaos/Content/UI/start/images/SubwayBoomBoomSplash.uasset" 621
"/Users/mootbing/Documents/subway-chaos/SubwayChaos/Content/UI/start/images/SubwayBoomBoomSplash.uexp" 622
"/Users/mootbing/Documents/subway-chaos/SubwayChaos/Content/UI/start/images/CGLightLogo.uasset" 623
"/Users/mootbing/Documents/subway-chaos/SubwayChaos/Content/UI/start/images/CGLightLogo.uexp" 624
"/Users/mootbing/Documents/subway-chaos/SubwayChaos/Content/UI/start/Start.uasset" 625
"/Users/mootbing/Documents/subway-chaos/SubwayChaos/Content/UI/start/Start.uexp" 626
"/Users/mootbing/Documents/subway-chaos/SubwayChaos/Content/Texture_Model/Materials/T_M_M_Rail_M_Metal_Chrome_23A6B2A54F259673F93958A6949D4186_BaseColor.uasset" 627
"/Users/mootbing/Documents/subway-chaos/SubwayChaos/Content/Texture_Model/Materials/T_M_M_Rail_M_Metal_Chrome_23A6B2A54F259673F93958A6949D4186_BaseColor.uexp" 628
"/Users/mootbing/Documents/subway-chaos/SubwayChaos/Content/Texture_Model/Materials/T_M_M_Rail_M_Metal_Chrome_23A6B2A54F259673F93958A6949D4186_BaseColor.ubulk" 629
"../../../Engine/Content/EngineMaterials/NewBaseFlattenMaterial.uasset" 630
"../../../Engine/Content/EngineMaterials/NewBaseFlattenMaterial.uexp" 631
"/Users/mootbing/Documents/subway-chaos/SubwayChaos/Content/Texture_Model/Materials/M_M_M_Rail_M_Metal_Chrome_23A6B2A54F259673F93958A6949D4186.uasset" 632
"/Users/mootbing/Documents/subway-chaos/SubwayChaos/Content/Texture_Model/Materials/M_M_M_Rail_M_Metal_Chrome_23A6B2A54F259673F93958A6949D4186.uexp" 633
"/Users/mootbing/Documents/subway-chaos/SubwayChaos/Content/Texture_Model/Materials/T_M_M_Rail_M_Wood_Walnut_23A6B2A54F259673F93958A6949D4186_BaseColor.uasset" 634
"/Users/mootbing/Documents/subway-chaos/SubwayChaos/Content/Texture_Model/Materials/T_M_M_Rail_M_Wood_Walnut_23A6B2A54F259673F93958A6949D4186_BaseColor.uexp" 635
"/Users/mootbing/Documents/subway-chaos/SubwayChaos/Content/Texture_Model/Materials/T_M_M_Rail_M_Wood_Walnut_23A6B2A54F259673F93958A6949D4186_BaseColor.ubulk" 636
"/Users/mootbing/Documents/subway-chaos/SubwayChaos/Content/Texture_Model/Materials/M_M_M_Rail_M_Wood_Walnut_23A6B2A54F259673F93958A6949D4186.uasset" 637
"/Users/mootbing/Documents/subway-chaos/SubwayChaos/Content/Texture_Model/Materials/M_M_M_Rail_M_Wood_Walnut_23A6B2A54F259673F93958A6949D4186.uexp" 638
"/Users/mootbing/Documents/subway-chaos/SubwayChaos/Content/Texture_Model/Meshes/M_Rail.uasset" 639
"/Users/mootbing/Documents/subway-chaos/SubwayChaos/Content/Texture_Model/Meshes/M_Rail.uexp" 640
"/Users/mootbing/Documents/subway-chaos/SubwayChaos/Content/SoundFX/soundtracks/Levels/OST_MainMenu.uasset" 641
"/Users/mootbing/Documents/subway-chaos/SubwayChaos/Content/SoundFX/soundtracks/Levels/OST_MainMenu.uexp" 642
"/Users/mootbing/Documents/subway-chaos/SubwayChaos/Content/SoundFX/soundtracks/Levels/OST_MainMenu.m.ubulk" 643
"/Users/mootbing/Documents/subway-chaos/SubwayChaos/Content/SoundFX/sfx/TrainDoorbell.uasset" 644
"/Users/mootbing/Documents/subway-chaos/SubwayChaos/Content/SoundFX/sfx/TrainDoorbell.uexp" 645
"/Users/mootbing/Documents/subway-chaos/SubwayChaos/Content/SoundFX/sfx/TrainDoorbell.m.ubulk" 646
"/Users/mootbing/Documents/subway-chaos/SubwayChaos/Content/SoundFX/sfx/TrainBreakSound.uasset" 647
"/Users/mootbing/Documents/subway-chaos/SubwayChaos/Content/SoundFX/sfx/TrainBreakSound.uexp" 648
"/Users/mootbing/Documents/subway-chaos/SubwayChaos/Content/SoundFX/sfx/TrainBreakSound.m.ubulk" 649
"/Users/mootbing/Documents/subway-chaos/SubwayChaos/Content/SoundFX/sfx/TrainAccelerate.uasset" 650
"/Users/mootbing/Documents/subway-chaos/SubwayChaos/Content/SoundFX/sfx/TrainAccelerate.uexp" 651
"/Users/mootbing/Documents/subway-chaos/SubwayChaos/Content/SoundFX/sfx/TrainAccelerate.m.ubulk" 652
"/Users/mootbing/Documents/subway-chaos/SubwayChaos/Content/Texture_Model/StarterContent/Textures/T_Wood_Floor_Walnut_D.uasset" 653
"/Users/mootbing/Documents/subway-chaos/SubwayChaos/Content/Texture_Model/StarterContent/Textures/T_Wood_Floor_Walnut_D.uexp" 654
"/Users/mootbing/Documents/subway-chaos/SubwayChaos/Content/Texture_Model/StarterContent/Textures/T_Wood_Floor_Walnut_D.ubulk" 655
"/Users/mootbing/Documents/subway-chaos/SubwayChaos/Content/Texture_Model/StarterContent/Textures/T_Wood_Floor_Walnut_N.uasset" 656
"/Users/mootbing/Documents/subway-chaos/SubwayChaos/Content/Texture_Model/StarterContent/Textures/T_Wood_Floor_Walnut_N.uexp" 657
"/Users/mootbing/Documents/subway-chaos/SubwayChaos/Content/Texture_Model/StarterContent/Textures/T_Wood_Floor_Walnut_N.ubulk" 658
"/Users/mootbing/Documents/subway-chaos/SubwayChaos/Content/Texture_Model/StarterContent/Textures/T_Wood_Floor_Walnut_M.uasset" 659
"/Users/mootbing/Documents/subway-chaos/SubwayChaos/Content/Texture_Model/StarterContent/Textures/T_Wood_Floor_Walnut_M.uexp" 660
"/Users/mootbing/Documents/subway-chaos/SubwayChaos/Content/Texture_Model/StarterContent/Textures/T_Wood_Floor_Walnut_M.ubulk" 661
"/Users/mootbing/Documents/subway-chaos/SubwayChaos/Content/Texture_Model/StarterContent/Textures/T_Perlin_Noise_M.uasset" 662
"/Users/mootbing/Documents/subway-chaos/SubwayChaos/Content/Texture_Model/StarterContent/Textures/T_Perlin_Noise_M.uexp" 663
"/Users/mootbing/Documents/subway-chaos/SubwayChaos/Content/Texture_Model/StarterContent/Textures/T_Perlin_Noise_M.ubulk" 664
"/Users/mootbing/Documents/subway-chaos/SubwayChaos/Content/Texture_Model/StarterContent/Materials/M_Wood_Floor_Walnut_Polished.uasset" 665
"/Users/mootbing/Documents/subway-chaos/SubwayChaos/Content/Texture_Model/StarterContent/Materials/M_Wood_Floor_Walnut_Polished.uexp" 666
"/Users/mootbing/Documents/subway-chaos/SubwayChaos/Content/Texture_Model/Materials/Images/M_SubwayMap.uasset" 667
"/Users/mootbing/Documents/subway-chaos/SubwayChaos/Content/Texture_Model/Materials/Images/M_SubwayMap.uexp" 668
"/Users/mootbing/Documents/subway-chaos/SubwayChaos/Content/Texture_Model/Materials/Images/SubwayMap_Mat.uasset" 669
"/Users/mootbing/Documents/subway-chaos/SubwayChaos/Content/Texture_Model/Materials/Images/SubwayMap_Mat.uexp" 670
"/Users/mootbing/Documents/subway-chaos/SubwayChaos/Content/Texture_Model/Materials/Images/MaxDrawingFor002PercentRoyltyPerDollar.uasset" 671
"/Users/mootbing/Documents/subway-chaos/SubwayChaos/Content/Texture_Model/Materials/Images/MaxDrawingFor002PercentRoyltyPerDollar.uexp" 672
"/Users/mootbing/Documents/subway-chaos/SubwayChaos/Content/Texture_Model/Materials/Images/MaxDrawingFor002PercentRoyltyPerDollar_Mat.uasset" 673
"/Users/mootbing/Documents/subway-chaos/SubwayChaos/Content/Texture_Model/Materials/Images/MaxDrawingFor002PercentRoyltyPerDollar_Mat.uexp" 674
"/Users/mootbing/Documents/subway-chaos/SubwayChaos/Content/Texture_Model/Materials/CGLightLogoMaterial.uasset" 675
"/Users/mootbing/Documents/subway-chaos/SubwayChaos/Content/Texture_Model/Materials/CGLightLogoMaterial.uexp" 676
"/Users/mootbing/Documents/subway-chaos/SubwayChaos/Content/Maps/NonLevels/MenuScreen_BuiltData.uasset" 677
"/Users/mootbing/Documents/subway-chaos/SubwayChaos/Content/Maps/NonLevels/MenuScreen_BuiltData.uexp" 678
"/Users/mootbing/Documents/subway-chaos/SubwayChaos/Content/Maps/NonLevels/MenuScreen_BuiltData.ubulk" 679
"/Users/mootbing/Documents/subway-chaos/SubwayChaos/Content/Texture_Model/Materials/Images/M_Cowface.uasset" 680
"/Users/mootbing/Documents/subway-chaos/SubwayChaos/Content/Texture_Model/Materials/Images/M_Cowface.uexp" 681
"/Users/mootbing/Documents/subway-chaos/SubwayChaos/Content/Texture_Model/Materials/Images/extra_Mat.uasset" 682
"/Users/mootbing/Documents/subway-chaos/SubwayChaos/Content/Texture_Model/Materials/Images/extra_Mat.uexp" 683
"/Users/mootbing/Documents/subway-chaos/SubwayChaos/Content/Texture_Model/Meshes/BP_PayMax002percentRoyaltyForThisImage.uasset" 684
"/Users/mootbing/Documents/subway-chaos/SubwayChaos/Content/Texture_Model/Meshes/BP_PayMax002percentRoyaltyForThisImage.uexp" 685
"/Users/mootbing/Documents/subway-chaos/SubwayChaos/Content/Blueprints/Station/B_WallPoster.uasset" 686
"/Users/mootbing/Documents/subway-chaos/SubwayChaos/Content/Blueprints/Station/B_WallPoster.uexp" 687
"/Users/mootbing/Documents/subway-chaos/SubwayChaos/Content/Texture_Model/Meshes/M_TicketMachine.uasset" 688
"/Users/mootbing/Documents/subway-chaos/SubwayChaos/Content/Texture_Model/Meshes/M_TicketMachine.uexp" 689
"/Users/mootbing/Documents/subway-chaos/SubwayChaos/Content/Blueprints/Station/B_TicketMachine.uasset" 690
"/Users/mootbing/Documents/subway-chaos/SubwayChaos/Content/Blueprints/Station/B_TicketMachine.uexp" 691
"/Users/mootbing/Documents/subway-chaos/SubwayChaos/Content/SoundFX/sodamnextra/MOO.uasset" 692
"/Users/mootbing/Documents/subway-chaos/SubwayChaos/Content/SoundFX/sodamnextra/MOO.uexp" 693
"/Users/mootbing/Documents/subway-chaos/SubwayChaos/Content/SoundFX/sodamnextra/MOO.m.ubulk" 694
"/Users/mootbing/Documents/subway-chaos/SubwayChaos/Content/Blueprints/Station/B_CowExtra.uasset" 695
"/Users/mootbing/Documents/subway-chaos/SubwayChaos/Content/Blueprints/Station/B_CowExtra.uexp" 696
"/Users/mootbing/Documents/subway-chaos/SubwayChaos/Content/Blueprints/Levels/B_Track.uasset" 697
"/Users/mootbing/Documents/subway-chaos/SubwayChaos/Content/Blueprints/Levels/B_Track.uexp" 698
"/Users/mootbing/Documents/subway-chaos/SubwayChaos/Content/Blueprints/GameModes/PlayersController.uasset" 699
"/Users/mootbing/Documents/subway-chaos/SubwayChaos/Content/Blueprints/GameModes/PlayersController.uexp" 700
"/Users/mootbing/Documents/subway-chaos/SubwayChaos/Content/Blueprints/GameModes/G_TrainGameMode.uasset" 701
"/Users/mootbing/Documents/subway-chaos/SubwayChaos/Content/Blueprints/GameModes/G_TrainGameMode.uexp" 702
"/Users/mootbing/Documents/subway-chaos/SubwayChaos/Content/Maps/NonLevels/MenuScreen.uexp" 703
"/Users/mootbing/Documents/subway-chaos/SubwayChaos/Content/Maps/NonLevels/MenuScreen.umap" 704
"/Users/mootbing/Documents/subway-chaos/SubwayChaos/Content/UI/start/Splash.uasset" 705
"/Users/mootbing/Documents/subway-chaos/SubwayChaos/Content/UI/start/Splash.uexp" 706
"/Users/mootbing/Documents/subway-chaos/SubwayChaos/Content/Maps/NonLevels/SplashScreen_BuiltData.uasset" 707
"/Users/mootbing/Documents/subway-chaos/SubwayChaos/Content/Maps/NonLevels/SplashScreen_BuiltData.uexp" 708
"/Users/mootbing/Documents/subway-chaos/SubwayChaos/Content/Maps/NonLevels/SplashScreen.uexp" 709
"/Users/mootbing/Documents/subway-chaos/SubwayChaos/Content/Maps/NonLevels/SplashScreen.umap" 710
"/Users/mootbing/Documents/subway-chaos/SubwayChaos/Content/Texture_Model/StarterContent/Textures/T_Concrete_Panels_N.uasset" 711
"/Users/mootbing/Documents/subway-chaos/SubwayChaos/Content/Texture_Model/StarterContent/Textures/T_Concrete_Panels_N.uexp" 712
"/Users/mootbing/Documents/subway-chaos/SubwayChaos/Content/Texture_Model/StarterContent/Textures/T_Concrete_Panels_N.ubulk" 713
"/Users/mootbing/Documents/subway-chaos/SubwayChaos/Content/Texture_Model/StarterContent/Textures/T_Concrete_Panels_D.uasset" 714
"/Users/mootbing/Documents/subway-chaos/SubwayChaos/Content/Texture_Model/StarterContent/Textures/T_Concrete_Panels_D.uexp" 715
"/Users/mootbing/Documents/subway-chaos/SubwayChaos/Content/Texture_Model/StarterContent/Textures/T_Concrete_Panels_D.ubulk" 716
"/Users/mootbing/Documents/subway-chaos/SubwayChaos/Content/Texture_Model/StarterContent/Materials/M_Concrete_Panels.uasset" 717
"/Users/mootbing/Documents/subway-chaos/SubwayChaos/Content/Texture_Model/StarterContent/Materials/M_Concrete_Panels.uexp" 718
"/Users/mootbing/Documents/subway-chaos/SubwayChaos/Content/Texture_Model/Meshes/M_Concrete_Barriers.uasset" 719
"/Users/mootbing/Documents/subway-chaos/SubwayChaos/Content/Texture_Model/Meshes/M_Concrete_Barriers.uexp" 720
"/Users/mootbing/Documents/subway-chaos/SubwayChaos/Content/Texture_Model/Meshes/Bridge-Bottom.uasset" 721
"/Users/mootbing/Documents/subway-chaos/SubwayChaos/Content/Texture_Model/Meshes/Bridge-Bottom.uexp" 722
"/Users/mootbing/Documents/subway-chaos/SubwayChaos/Content/Maps/Levels/Level7_BuiltData.uasset" 723
"/Users/mootbing/Documents/subway-chaos/SubwayChaos/Content/Maps/Levels/Level7_BuiltData.uexp" 724
"/Users/mootbing/Documents/subway-chaos/SubwayChaos/Content/Maps/Levels/Level7_BuiltData.ubulk" 725
"/Users/mootbing/Documents/subway-chaos/SubwayChaos/Content/Cinematics/Level7/MasterLevel7.uasset" 726
"/Users/mootbing/Documents/subway-chaos/SubwayChaos/Content/Cinematics/Level7/MasterLevel7.uexp" 727
"/Users/mootbing/Documents/subway-chaos/SubwayChaos/Content/SoundFX/soundtracks/Levels/OST_Level4.uasset" 728
"/Users/mootbing/Documents/subway-chaos/SubwayChaos/Content/SoundFX/soundtracks/Levels/OST_Level4.uexp" 729
"/Users/mootbing/Documents/subway-chaos/SubwayChaos/Content/SoundFX/soundtracks/Levels/OST_Level4.m.ubulk" 730
"/Users/mootbing/Documents/subway-chaos/SubwayChaos/Content/Blueprints/MacroFunctionLibraries/PlayCinematics.uasset" 731
"/Users/mootbing/Documents/subway-chaos/SubwayChaos/Content/Blueprints/MacroFunctionLibraries/PlayCinematics.uexp" 732
"/Users/mootbing/Documents/subway-chaos/SubwayChaos/Content/Blueprints/B_GamePlayArea.uasset" 733
"/Users/mootbing/Documents/subway-chaos/SubwayChaos/Content/Blueprints/B_GamePlayArea.uexp" 734
"/Users/mootbing/Documents/subway-chaos/SubwayChaos/Content/Blueprints/Levels/B_TrainSpawner.uasset" 735
"/Users/mootbing/Documents/subway-chaos/SubwayChaos/Content/Blueprints/Levels/B_TrainSpawner.uexp" 736
"/Users/mootbing/Documents/subway-chaos/SubwayChaos/Content/Maps/Levels/Level7.uexp" 737
"/Users/mootbing/Documents/subway-chaos/SubwayChaos/Content/Maps/Levels/Level7.umap" 738
"../../../Engine/Content/MapTemplates/SM_Template_Map_Floor.uasset" 739
"../../../Engine/Content/MapTemplates/SM_Template_Map_Floor.uexp" 740
"/Users/mootbing/Documents/subway-chaos/SubwayChaos/Content/Maps/Levels/Level6_BuiltData.uasset" 741
"/Users/mootbing/Documents/subway-chaos/SubwayChaos/Content/Maps/Levels/Level6_BuiltData.uexp" 742
"/Users/mootbing/Documents/subway-chaos/SubwayChaos/Content/Maps/Levels/Level6_BuiltData.ubulk" 743
"/Users/mootbing/Documents/subway-chaos/SubwayChaos/Content/Cinematics/Level6/Level6Master.uasset" 744
"/Users/mootbing/Documents/subway-chaos/SubwayChaos/Content/Cinematics/Level6/Level6Master.uexp" 745
"/Users/mootbing/Documents/subway-chaos/SubwayChaos/Content/Texture_Model/StarterContent/Shapes/Shape_Cube.uasset" 746
"/Users/mootbing/Documents/subway-chaos/SubwayChaos/Content/Texture_Model/StarterContent/Shapes/Shape_Cube.uexp" 747
"/Users/mootbing/Documents/subway-chaos/SubwayChaos/Content/Texture_Model/StarterContent/Shapes/Shape_Cylinder.uasset" 748
"/Users/mootbing/Documents/subway-chaos/SubwayChaos/Content/Texture_Model/StarterContent/Shapes/Shape_Cylinder.uexp" 749
"/Users/mootbing/Documents/subway-chaos/SubwayChaos/Content/Texture_Model/Materials/M_GlowRed.uasset" 750
"/Users/mootbing/Documents/subway-chaos/SubwayChaos/Content/Texture_Model/Materials/M_GlowRed.uexp" 751
"/Users/mootbing/Documents/subway-chaos/SubwayChaos/Content/Blueprints/Levels/LevelProprietary/level5/B_Container.uasset" 752
"/Users/mootbing/Documents/subway-chaos/SubwayChaos/Content/Blueprints/Levels/LevelProprietary/level5/B_Container.uexp" 753
"/Users/mootbing/Documents/subway-chaos/SubwayChaos/Content/Blueprints/Levels/LevelProprietary/level5/B_Crane.uasset" 754
"/Users/mootbing/Documents/subway-chaos/SubwayChaos/Content/Blueprints/Levels/LevelProprietary/level5/B_Crane.uexp" 755
"/Users/mootbing/Documents/subway-chaos/SubwayChaos/Content/Maps/Levels/Level6.uexp" 756
"/Users/mootbing/Documents/subway-chaos/SubwayChaos/Content/Maps/Levels/Level6.umap" 757
"/Users/mootbing/Documents/subway-chaos/SubwayChaos/Content/Blueprints/Levels/AboveGround/B_Fence.uasset" 758
"/Users/mootbing/Documents/subway-chaos/SubwayChaos/Content/Blueprints/Levels/AboveGround/B_Fence.uexp" 759
"/Users/mootbing/Documents/subway-chaos/SubwayChaos/Content/Texture_Model/Materials/M_Metal_Green_Steel.uasset" 760
"/Users/mootbing/Documents/subway-chaos/SubwayChaos/Content/Texture_Model/Materials/M_Metal_Green_Steel.uexp" 761
"/Users/mootbing/Documents/subway-chaos/SubwayChaos/Content/Blueprints/Levels/AboveGround/B_Bridge_Beam.uasset" 762
"/Users/mootbing/Documents/subway-chaos/SubwayChaos/Content/Blueprints/Levels/AboveGround/B_Bridge_Beam.uexp" 763
"/Users/mootbing/Documents/subway-chaos/SubwayChaos/Content/SoundFX/soundtracks/Levels/OST_Level1.uasset" 764
"/Users/mootbing/Documents/subway-chaos/SubwayChaos/Content/SoundFX/soundtracks/Levels/OST_Level1.uexp" 765
"/Users/mootbing/Documents/subway-chaos/SubwayChaos/Content/SoundFX/soundtracks/Levels/OST_Level1.m.ubulk" 766
"/Users/mootbing/Documents/subway-chaos/SubwayChaos/Content/Texture_Model/StarterContent/Textures/T_Concrete_Tiles_M.uasset" 767
"/Users/mootbing/Documents/subway-chaos/SubwayChaos/Content/Texture_Model/StarterContent/Textures/T_Concrete_Tiles_M.uexp" 768
"/Users/mootbing/Documents/subway-chaos/SubwayChaos/Content/Texture_Model/StarterContent/Textures/T_Concrete_Tiles_M.ubulk" 769
"/Users/mootbing/Documents/subway-chaos/SubwayChaos/Content/Texture_Model/StarterContent/Textures/T_Concrete_Tiles_N.uasset" 770
"/Users/mootbing/Documents/subway-chaos/SubwayChaos/Content/Texture_Model/StarterContent/Textures/T_Concrete_Tiles_N.uexp" 771
"/Users/mootbing/Documents/subway-chaos/SubwayChaos/Content/Texture_Model/StarterContent/Textures/T_Concrete_Tiles_N.ubulk" 772
"/Users/mootbing/Documents/subway-chaos/SubwayChaos/Content/Texture_Model/StarterContent/Textures/T_Concrete_Tiles_Variation_M.uasset" 773
"/Users/mootbing/Documents/subway-chaos/SubwayChaos/Content/Texture_Model/StarterContent/Textures/T_Concrete_Tiles_Variation_M.uexp" 774
"/Users/mootbing/Documents/subway-chaos/SubwayChaos/Content/Texture_Model/StarterContent/Textures/T_Concrete_Tiles_Variation_M.ubulk" 775
"/Users/mootbing/Documents/subway-chaos/SubwayChaos/Content/Texture_Model/StarterContent/Textures/T_Concrete_Tiles_D.uasset" 776
"/Users/mootbing/Documents/subway-chaos/SubwayChaos/Content/Texture_Model/StarterContent/Textures/T_Concrete_Tiles_D.uexp" 777
"/Users/mootbing/Documents/subway-chaos/SubwayChaos/Content/Texture_Model/StarterContent/Textures/T_Concrete_Tiles_D.ubulk" 778
"/Users/mootbing/Documents/subway-chaos/SubwayChaos/Content/Texture_Model/StarterContent/Materials/M_Concrete_Tiles.uasset" 779
"/Users/mootbing/Documents/subway-chaos/SubwayChaos/Content/Texture_Model/StarterContent/Materials/M_Concrete_Tiles.uexp" 780
"/Users/mootbing/Documents/subway-chaos/SubwayChaos/Content/Blueprints/Levels/LevelProprietary/Level1/floorLevel1.uasset" 781
"/Users/mootbing/Documents/subway-chaos/SubwayChaos/Content/Blueprints/Levels/LevelProprietary/Level1/floorLevel1.uexp" 782
"/Users/mootbing/Documents/subway-chaos/SubwayChaos/Content/Cinematics/Level1/Level1Intro_1.uasset" 783
"/Users/mootbing/Documents/subway-chaos/SubwayChaos/Content/Cinematics/Level1/Level1Intro_1.uexp" 784
"/Users/mootbing/Documents/subway-chaos/SubwayChaos/Content/Cinematics/Level1/Level1Intro_2.uasset" 785
"/Users/mootbing/Documents/subway-chaos/SubwayChaos/Content/Cinematics/Level1/Level1Intro_2.uexp" 786
"/Users/mootbing/Documents/subway-chaos/SubwayChaos/Content/Cinematics/Level1/Level1IntroMaster.uasset" 787
"/Users/mootbing/Documents/subway-chaos/SubwayChaos/Content/Cinematics/Level1/Level1IntroMaster.uexp" 788
"/Users/mootbing/Documents/subway-chaos/SubwayChaos/Content/Blueprints/Levels/AboveGround/floor_StaticMesh.uasset" 789
"/Users/mootbing/Documents/subway-chaos/SubwayChaos/Content/Blueprints/Levels/AboveGround/floor_StaticMesh.uexp" 790
"/Users/mootbing/Documents/subway-chaos/SubwayChaos/Content/Maps/Levels/Level1_BuiltData.uasset" 791
"/Users/mootbing/Documents/subway-chaos/SubwayChaos/Content/Maps/Levels/Level1_BuiltData.uexp" 792
"/Users/mootbing/Documents/subway-chaos/SubwayChaos/Content/Maps/Levels/Level1_BuiltData.ubulk" 793
"/Users/mootbing/Documents/subway-chaos/SubwayChaos/Content/Maps/Levels/Level1.uexp" 794
"/Users/mootbing/Documents/subway-chaos/SubwayChaos/Content/Maps/Levels/Level1.umap" 795
"/Users/mootbing/Documents/subway-chaos/SubwayChaos/Content/Blueprints/Levels/AboveGround/B_LampPost.uasset" 796
"/Users/mootbing/Documents/subway-chaos/SubwayChaos/Content/Blueprints/Levels/AboveGround/B_LampPost.uexp" 797
"/Users/mootbing/Documents/subway-chaos/SubwayChaos/Content/Maps/Levels/Level3_BuiltData.uasset" 798
"/Users/mootbing/Documents/subway-chaos/SubwayChaos/Content/Maps/Levels/Level3_BuiltData.uexp" 799
"/Users/mootbing/Documents/subway-chaos/SubwayChaos/Content/Maps/Levels/Level3_BuiltData.ubulk" 800
"/Users/mootbing/Documents/subway-chaos/SubwayChaos/Content/Cinematics/Level3/Level3Intro1.uasset" 801
"/Users/mootbing/Documents/subway-chaos/SubwayChaos/Content/Cinematics/Level3/Level3Intro1.uexp" 802
"/Users/mootbing/Documents/subway-chaos/SubwayChaos/Content/Cinematics/Level3/Level3IntroMaster.uasset" 803
"/Users/mootbing/Documents/subway-chaos/SubwayChaos/Content/Cinematics/Level3/Level3IntroMaster.uexp" 804
"/Users/mootbing/Documents/subway-chaos/SubwayChaos/Content/Texture_Model/Meshes/B_CraneWithoutCode.uasset" 805
"/Users/mootbing/Documents/subway-chaos/SubwayChaos/Content/Texture_Model/Meshes/B_CraneWithoutCode.uexp" 806
"/Users/mootbing/Documents/subway-chaos/SubwayChaos/Content/Blueprints/Tracks/B_Siding.uasset" 807
"/Users/mootbing/Documents/subway-chaos/SubwayChaos/Content/Blueprints/Tracks/B_Siding.uexp" 808
"/Users/mootbing/Documents/subway-chaos/SubwayChaos/Content/Maps/Levels/Level3.uexp" 809
"/Users/mootbing/Documents/subway-chaos/SubwayChaos/Content/Maps/Levels/Level3.umap" 810
"/Users/mootbing/Documents/subway-chaos/SubwayChaos/Content/SoundFX/soundtracks/Levels/OST_Level2.uasset" 811
"/Users/mootbing/Documents/subway-chaos/SubwayChaos/Content/SoundFX/soundtracks/Levels/OST_Level2.uexp" 812
"/Users/mootbing/Documents/subway-chaos/SubwayChaos/Content/SoundFX/soundtracks/Levels/OST_Level2.m.ubulk" 813
"/Users/mootbing/Documents/subway-chaos/SubwayChaos/Content/Cinematics/Level2/Level2Intro1.uasset" 814
"/Users/mootbing/Documents/subway-chaos/SubwayChaos/Content/Cinematics/Level2/Level2Intro1.uexp" 815
"/Users/mootbing/Documents/subway-chaos/SubwayChaos/Content/Cinematics/Level2/Level2IntroMaster.uasset" 816
"/Users/mootbing/Documents/subway-chaos/SubwayChaos/Content/Cinematics/Level2/Level2IntroMaster.uexp" 817
"/Users/mootbing/Documents/subway-chaos/SubwayChaos/Content/Blueprints/Levels/AboveGround/B_LampPost_Blueprint.uasset" 818
"/Users/mootbing/Documents/subway-chaos/SubwayChaos/Content/Blueprints/Levels/AboveGround/B_LampPost_Blueprint.uexp" 819
"/Users/mootbing/Documents/subway-chaos/SubwayChaos/Content/Maps/Levels/Level2_BuiltData.uasset" 820
"/Users/mootbing/Documents/subway-chaos/SubwayChaos/Content/Maps/Levels/Level2_BuiltData.uexp" 821
"/Users/mootbing/Documents/subway-chaos/SubwayChaos/Content/Maps/Levels/Level2_BuiltData.ubulk" 822
"/Users/mootbing/Documents/subway-chaos/SubwayChaos/Content/Maps/Levels/Level2.uexp" 823
"/Users/mootbing/Documents/subway-chaos/SubwayChaos/Content/Maps/Levels/Level2.umap" 824
"/Users/mootbing/Documents/subway-chaos/SubwayChaos/Content/Cinematics/Level5/Level5Main.uasset" 825
"/Users/mootbing/Documents/subway-chaos/SubwayChaos/Content/Cinematics/Level5/Level5Main.uexp" 826
"/Users/mootbing/Documents/subway-chaos/SubwayChaos/Content/Maps/Levels/Level5_BuiltData.uasset" 827
"/Users/mootbing/Documents/subway-chaos/SubwayChaos/Content/Maps/Levels/Level5_BuiltData.uexp" 828
"/Users/mootbing/Documents/subway-chaos/SubwayChaos/Content/Maps/Levels/Level5_BuiltData.ubulk" 829
"/Users/mootbing/Documents/subway-chaos/SubwayChaos/Content/Maps/Levels/Level5.uexp" 830
"/Users/mootbing/Documents/subway-chaos/SubwayChaos/Content/Maps/Levels/Level5.umap" 831
"/Users/mootbing/Documents/subway-chaos/SubwayChaos/Content/Texture_Model/StarterContent/Architecture/Wall_400x300.uasset" 832
"/Users/mootbing/Documents/subway-chaos/SubwayChaos/Content/Texture_Model/StarterContent/Architecture/Wall_400x300.uexp" 833
"/Users/mootbing/Documents/subway-chaos/SubwayChaos/Content/Blueprints/Levels/LevelProprietary/final/GoBackToTitle.uasset" 834
"/Users/mootbing/Documents/subway-chaos/SubwayChaos/Content/Blueprints/Levels/LevelProprietary/final/GoBackToTitle.uexp" 835
"/Users/mootbing/Documents/subway-chaos/SubwayChaos/Content/Maps/Levels/Level9_BuiltData.uasset" 836
"/Users/mootbing/Documents/subway-chaos/SubwayChaos/Content/Maps/Levels/Level9_BuiltData.uexp" 837
"/Users/mootbing/Documents/subway-chaos/SubwayChaos/Content/Maps/Levels/Level9_BuiltData.ubulk" 838
"/Users/mootbing/Documents/subway-chaos/SubwayChaos/Content/Maps/Levels/Level9.uexp" 839
"/Users/mootbing/Documents/subway-chaos/SubwayChaos/Content/Maps/Levels/Level9.umap" 840
"/Users/mootbing/Documents/subway-chaos/SubwayChaos/Content/Cinematics/Level8/Level8Master.uasset" 841
"/Users/mootbing/Documents/subway-chaos/SubwayChaos/Content/Cinematics/Level8/Level8Master.uexp" 842
"/Users/mootbing/Documents/subway-chaos/SubwayChaos/Content/Blueprints/Levels/LevelProprietary/level8/B_Runway.uasset" 843
"/Users/mootbing/Documents/subway-chaos/SubwayChaos/Content/Blueprints/Levels/LevelProprietary/level8/B_Runway.uexp" 844
"/Users/mootbing/Documents/subway-chaos/SubwayChaos/Content/Maps/Levels/Level8_BuiltData.uasset" 845
"/Users/mootbing/Documents/subway-chaos/SubwayChaos/Content/Maps/Levels/Level8_BuiltData.uexp" 846
"/Users/mootbing/Documents/subway-chaos/SubwayChaos/Content/Maps/Levels/Level8_BuiltData.ubulk" 847
"/Users/mootbing/Documents/subway-chaos/SubwayChaos/Content/Maps/Levels/Level8.uexp" 848
"/Users/mootbing/Documents/subway-chaos/SubwayChaos/Content/Maps/Levels/Level8.umap" 849
"/Users/mootbing/Documents/subway-chaos/SubwayChaos/Content/Cinematics/Level4/Level4Master.uasset" 850
"/Users/mootbing/Documents/subway-chaos/SubwayChaos/Content/Cinematics/Level4/Level4Master.uexp" 851
"/Users/mootbing/Documents/subway-chaos/SubwayChaos/Content/Blueprints/Station/B_Track_DependentOnQuality.uasset" 852
"/Users/mootbing/Documents/subway-chaos/SubwayChaos/Content/Blueprints/Station/B_Track_DependentOnQuality.uexp" 853
"/Users/mootbing/Documents/subway-chaos/SubwayChaos/Content/Blueprints/Levels/B_KillScuffTrak.uasset" 854
"/Users/mootbing/Documents/subway-chaos/SubwayChaos/Content/Blueprints/Levels/B_KillScuffTrak.uexp" 855
"/Users/mootbing/Documents/subway-chaos/SubwayChaos/Content/Blueprints/Levels/B_SpawnTrak.uasset" 856
"/Users/mootbing/Documents/subway-chaos/SubwayChaos/Content/Blueprints/Levels/B_SpawnTrak.uexp" 857
"/Users/mootbing/Documents/subway-chaos/SubwayChaos/Content/Maps/Levels/Level4_BuiltData.uasset" 858
"/Users/mootbing/Documents/subway-chaos/SubwayChaos/Content/Maps/Levels/Level4_BuiltData.uexp" 859
"/Users/mootbing/Documents/subway-chaos/SubwayChaos/Content/Maps/Levels/Level4_BuiltData.ubulk" 860
"/Users/mootbing/Documents/subway-chaos/SubwayChaos/Content/Maps/Levels/Level4.uexp" 861
"/Users/mootbing/Documents/subway-chaos/SubwayChaos/Content/Maps/Levels/Level4.umap" 862
"../../../Engine/Content/Maps/Entry_BuiltData.uasset" 863
"../../../Engine/Content/Maps/Entry_BuiltData.uexp" 864
"../../../Engine/Content/Maps/Entry.uexp" 865
"../../../Engine/Content/Maps/Entry.umap" 866
